//----------------------------------------------------------------------------//
// Generated by LegUp High-Level Synthesis Tool Version 4.0 (http://legup.org)
// Compiled: Sun Jun 19 18:41:14 2016
// University of Toronto
// For research and academic purposes only. Commercial use is prohibited.
// Please send bugs to: legup@eecg.toronto.edu
// Date: Thu Dec  8 15:28:12 2016
//----------------------------------------------------------------------------//

--------------------------------------------------------------------------------
Function: main
--------------------------------------------------------------------------------
Function unit type:           Number Required               
mem_dual_port                 2                             

Running Bipartite Weighted Matching on function: main
State: LEGUP_F_main_BB__1
Binding functional unit type: mem_dual_port
Weight matrix for operation/function unit matching:
                                                  main_mem_dual_port_0          main_mem_dual_port_1          
  %2 = load volatile i32* %sce... (idx: 0)        10                            10                            
  %3 = load volatile i32* %sce... (idx: 1)        10                            10                            
Solving Bipartite Weighted Matching (minimize weights)...
Assignment matrix after operation/function unit matching:
                                                  main_mem_dual_port_0          main_mem_dual_port_1          
  %2 = load volatile i32* %sce... (idx: 0)        1                             0                             
  %3 = load volatile i32* %sce... (idx: 1)        0                             1                             
Checking that every operator was assigned to a functional unit...yes
Binding operator -> functional unit assignments:
  %2 = load volatile i32* %sce... (idx: 0) -> main_mem_dual_port_0 (mux inputs: 1)
  %3 = load volatile i32* %sce... (idx: 1) -> main_mem_dual_port_1 (mux inputs: 1)
State: LEGUP_F_main_BB_multiplyexit
Binding functional unit type: mem_dual_port
Weight matrix for operation/function unit matching:
  store volatile i32 %5, i32* ... can share an output register with another operation already assigned to main_mem_dual_port_0
  store volatile i32 %5, i32* ... can share an output register with another operation already assigned to main_mem_dual_port_1
                                                  main_mem_dual_port_0          main_mem_dual_port_1          
  store volatile i32 %5, i32* ... (idx: 0)        16                            16                            
Solving Bipartite Weighted Matching (minimize weights)...
Assignment matrix after operation/function unit matching:
                                                  main_mem_dual_port_0          main_mem_dual_port_1          
  store volatile i32 %5, i32* ... (idx: 0)        1                             0                             
Checking that every operator was assigned to a functional unit...yes
Binding operator -> functional unit assignments:
  store volatile i32 %5, i32* ... (idx: 0) -> main_mem_dual_port_0 (mux inputs: 3)

