//----------------------------------------------------------------------------//
// Generated by LegUp High-Level Synthesis Tool Version 4.0 (http://legup.org)
// Compiled: Sun Jun 19 18:41:14 2016
// University of Toronto
// For research and academic purposes only. Commercial use is prohibited.
// Please send bugs to: legup@eecg.toronto.edu
// Date: Thu Dec  8 15:28:12 2016
//----------------------------------------------------------------------------//

-------------------------- Datapath Operation Usage --------------------------

Operation "unknown" x 23 
Operation "signed_add_32" x 4 
Operation "signed_add_64" x 1 
Operation "signed_comp_eq_32" x 3 
Operation "signed_comp_eq_64" x 1 
Operation "signed_multiply_32" x 1 

----------------------------- General Information -----------------------------

Number of declared variables in main: 24
Critical path contains operation: signed_multiply_32

------------------------------ Resource Estimate ------------------------------

Fmax: 310 MHz
Note: Assuming only 87 DSPs available
Warning: These estimates don't account for binding yet!
Logic Elements: 732
    Combinational: 274
    Registers: 772
DSP Elements: 2
