//----------------------------------------------------------------------------//
// Generated by LegUp High-Level Synthesis Tool Version 4.0 (http://legup.org)
// Compiled: Sun Jun 19 18:41:14 2016
// University of Toronto
// For research and academic purposes only. Commercial use is prohibited.
// Please send bugs to: legup@eecg.toronto.edu
// Date: Thu Dec  8 15:28:12 2016
//----------------------------------------------------------------------------//

-----------------Function: main---------------
-------------------------1---------------------------
-----------------Delay of path:4.99 ns---------------
-----------------State:LEGUP_F_main_BB__1_3-----------------
(0.00 ns) --- (0.00 ns) ---   %k.01.i = phi i32 [ %6, %1 ], [ 0, %.preheader ]
(2.50 ns) --- (2.50 ns) ---   %6 = add nsw i32 %k.01.i, 1
(2.49 ns) --- (4.99 ns) ---   %exitcond1 = icmp eq i32 %6, 20
(0.00 ns) --- (4.99 ns) ---   br i1 %exitcond1, label %multiply.exit, label %1

-----------------Function: main---------------
-------------------------2---------------------------
-----------------Delay of path:4.99 ns---------------
-----------------State:LEGUP_F_main_BB_multiplyexit_7-----------------
(2.50 ns) --- (2.50 ns) ---   %9 = add nsw i32 %j.02, 1
(2.49 ns) --- (4.99 ns) ---   %exitcond3 = icmp eq i32 %9, 20
(0.00 ns) --- (4.99 ns) ---   br i1 %exitcond3, label %10, label %.preheader

-----------------Function: main---------------
-------------------------3---------------------------
-----------------Delay of path:4.99 ns---------------
-----------------State:LEGUP_F_main_BB__10_9-----------------
(2.50 ns) --- (2.50 ns) ---   %11 = add nsw i32 %i.04, 1
(2.49 ns) --- (4.99 ns) ---   %exitcond = icmp eq i32 %11, 20
(0.00 ns) --- (4.99 ns) ---   br i1 %exitcond, label %12, label %.preheader1

-----------------Function: main---------------
-------------------------4---------------------------
-----------------Delay of path:3.16 ns---------------
-----------------State:LEGUP_F_main_BB_multiplyexit_7-----------------
(0.00 ns) --- (0.00 ns) ---   %7 = sext i32 %5 to i64
(3.16 ns) --- (3.16 ns) ---   %8 = add i64 %7, %count.13

-----------------Function: main---------------
-------------------------5---------------------------
-----------------Delay of path:2.90 ns---------------
-----------------State:LEGUP_F_main_BB__12_10-----------------
(2.90 ns) --- (2.90 ns) ---   %14 = icmp eq i64 %8, 962122000
(0.00 ns) --- (2.90 ns) ---   br i1 %14, label %15, label %17

-----------------Function: main---------------
-------------------------6---------------------------
-----------------Delay of path:2.59 ns---------------
-----------------State:LEGUP_F_main_BB__1_5-----------------
(2.59 ns) --- (2.59 ns) ---   %4 = mul nsw i32 %3, %2

-----------------Function: main---------------
-------------------------7---------------------------
-----------------Delay of path:2.50 ns---------------
-----------------State:LEGUP_F_main_BB__1_6-----------------
(2.50 ns) --- (2.50 ns) ---   %5 = add nsw i32 %4, %sum.02.i

-----------------Function: main---------------
-------------------------8---------------------------
-----------------Delay of path:0.00 ns---------------
-----------------State:LEGUP_F_main_BB_preheader1_1-----------------
(0.00 ns) --- (0.00 ns) ---   %count.05 = phi i64 [ 0, %0 ], [ %8, %10 ]

-----------------Function: main---------------
-------------------------9---------------------------
-----------------Delay of path:0.00 ns---------------
-----------------State:LEGUP_F_main_BB_preheader1_1-----------------
(0.00 ns) --- (0.00 ns) ---   %i.04 = phi i32 [ 0, %0 ], [ %11, %10 ]

-----------------Function: main---------------
-------------------------10---------------------------
-----------------Delay of path:0.00 ns---------------
-----------------State:LEGUP_F_main_BB_preheader1_1-----------------
(0.00 ns) --- (0.00 ns) ---   br label %.preheader


