//----------------------------------------------------------------------------//
// Generated by LegUp High-Level Synthesis Tool Version 4.0 (http://legup.org)
// Compiled: Sun Jun 19 18:41:14 2016
// University of Toronto
// For research and academic purposes only. Commercial use is prohibited.
// Please send bugs to: legup@eecg.toronto.edu
// Date: Thu Dec  8 15:18:55 2016
//----------------------------------------------------------------------------//

-------------------------- Datapath Operation Usage --------------------------

Operation "unknown" x 592 
Operation "signed_add_32" x 166 
Operation "signed_comp_eq_32" x 13 
Operation "signed_comp_eq_mux_32" x 9 
Operation "signed_comp_gt_32" x 125 
Operation "signed_modulus_32" x 9 
Operation "signed_multiply_32" x 11 
Operation "signed_subtract_32" x 27 

----------------------------- General Information -----------------------------

Number of declared variables in main: 894
Critical path contains operation: signed_modulus_32

------------------------------ Resource Estimate ------------------------------

Fmax: 12 MHz
Note: Assuming only 87 DSPs available
Warning: These estimates don't account for binding yet!
Logic Elements: 33217
    Combinational: 23123
    Registers: 24330
DSP Elements: 22
