//----------------------------------------------------------------------------//
// Generated by LegUp High-Level Synthesis Tool Version 4.0 (http://legup.org)
// Compiled: Sun Jun 19 18:41:14 2016
// University of Toronto
// For research and academic purposes only. Commercial use is prohibited.
// Please send bugs to: legup@eecg.toronto.edu
// Date: Thu Dec  8 15:18:53 2016
//----------------------------------------------------------------------------//

-----------------Function: main---------------
-------------------------1---------------------------
-----------------Delay of path:20.00 ns---------------
-----------------State:LEGUP_F_main_BB__crit_edge28i_87-----------------
(20.00 ns) --- (20.00 ns) ---   %98 = srem i32 %30, 9

-----------------Function: main---------------
-------------------------2---------------------------
-----------------Delay of path:20.00 ns---------------
-----------------State:LEGUP_F_main_BB__crit_edge40i_210-----------------
(20.00 ns) --- (20.00 ns) ---   %181 = srem i32 %29, 9

-----------------Function: main---------------
-------------------------3---------------------------
-----------------Delay of path:20.00 ns---------------
-----------------State:LEGUP_F_main_BB__crit_edge51i_333-----------------
(20.00 ns) --- (20.00 ns) ---   %265 = srem i32 %28, 9

-----------------Function: main---------------
-------------------------4---------------------------
-----------------Delay of path:20.00 ns---------------
-----------------State:LEGUP_F_main_BB__crit_edge62i_456-----------------
(20.00 ns) --- (20.00 ns) ---   %349 = srem i32 %27, 9

-----------------Function: main---------------
-------------------------5---------------------------
-----------------Delay of path:20.00 ns---------------
-----------------State:LEGUP_F_main_BB__crit_edge73i_579-----------------
(20.00 ns) --- (20.00 ns) ---   %433 = srem i32 %26, 9

-----------------Function: main---------------
-------------------------6---------------------------
-----------------Delay of path:20.00 ns---------------
-----------------State:LEGUP_F_main_BB__crit_edge84i_702-----------------
(20.00 ns) --- (20.00 ns) ---   %517 = srem i32 %25, 9

-----------------Function: main---------------
-------------------------7---------------------------
-----------------Delay of path:20.00 ns---------------
-----------------State:LEGUP_F_main_BB__crit_edge95i_825-----------------
(20.00 ns) --- (20.00 ns) ---   %601 = srem i32 %24, 9

-----------------Function: main---------------
-------------------------8---------------------------
-----------------Delay of path:20.00 ns---------------
-----------------State:LEGUP_F_main_BB__crit_edge106i_948-----------------
(20.00 ns) --- (20.00 ns) ---   %685 = srem i32 %23, 9

-----------------Function: main---------------
-------------------------9---------------------------
-----------------Delay of path:20.00 ns---------------
-----------------State:LEGUP_F_main_BB__crit_edge117i_1071-----------------
(20.00 ns) --- (20.00 ns) ---   %769 = srem i32 %22, 9

-----------------Function: main---------------
-------------------------10---------------------------
-----------------Delay of path:12.02 ns---------------
-----------------State:LEGUP_F_main_BB_lrph34ipreheader_120-----------------
(2.40 ns) --- (2.40 ns) ---   %102 = sub i32 100, %98
(3.13 ns) --- (5.53 ns) ---   %103 = icmp sgt i32 %102, 99
(3.99 ns) --- (9.52 ns) ---   %smax = select i1 %103, i32 %102, i32 99
(2.50 ns) --- (12.02 ns) ---   %104 = add i32 %101, %smax


