//----------------------------------------------------------------------------//
// Generated by LegUp High-Level Synthesis Tool Version 4.0 (http://legup.org)
// Compiled: Sun Jun 19 18:41:14 2016
// University of Toronto
// For research and academic purposes only. Commercial use is prohibited.
// Please send bugs to: legup@eecg.toronto.edu
// Date: Thu Dec  8 15:29:50 2016
//----------------------------------------------------------------------------//

--------------------------------------------------------------------------------
Function: main
--------------------------------------------------------------------------------
Function unit type:           Number Required               
mem_dual_port                 2                             

Running Bipartite Weighted Matching on function: main
State: LEGUP_F_main_BB_preheader
Binding functional unit type: mem_dual_port
Weight matrix for operation/function unit matching:
                                                  main_mem_dual_port_0          main_mem_dual_port_1          
  %1 = load i32* %scevgep40, a... (idx: 0)        10                            10                            
  %2 = load i32* %scevgep39, a... (idx: 1)        10                            10                            
Solving Bipartite Weighted Matching (minimize weights)...
Assignment matrix after operation/function unit matching:
                                                  main_mem_dual_port_0          main_mem_dual_port_1          
  %1 = load i32* %scevgep40, a... (idx: 0)        1                             0                             
  %2 = load i32* %scevgep39, a... (idx: 1)        0                             1                             
Checking that every operator was assigned to a functional unit...yes
Binding operator -> functional unit assignments:
  %1 = load i32* %scevgep40, a... (idx: 0) -> main_mem_dual_port_0 (mux inputs: 1)
  %2 = load i32* %scevgep39, a... (idx: 1) -> main_mem_dual_port_1 (mux inputs: 1)
State: LEGUP_F_main_BB_preheader
Binding functional unit type: mem_dual_port
Weight matrix for operation/function unit matching:
                                                  main_mem_dual_port_0          main_mem_dual_port_1          
  %3 = load i32* %scevgep38, a... (idx: 0)        11                            11                            
  %4 = load i32* %scevgep37, a... (idx: 1)        11                            11                            
Solving Bipartite Weighted Matching (minimize weights)...
Assignment matrix after operation/function unit matching:
                                                  main_mem_dual_port_0          main_mem_dual_port_1          
  %3 = load i32* %scevgep38, a... (idx: 0)        1                             0                             
  %4 = load i32* %scevgep37, a... (idx: 1)        0                             1                             
Checking that every operator was assigned to a functional unit...yes
Binding operator -> functional unit assignments:
  %3 = load i32* %scevgep38, a... (idx: 0) -> main_mem_dual_port_0 (mux inputs: 2)
  %4 = load i32* %scevgep37, a... (idx: 1) -> main_mem_dual_port_1 (mux inputs: 2)
State: LEGUP_F_main_BB_preheader
Binding functional unit type: mem_dual_port
Weight matrix for operation/function unit matching:
                                                  main_mem_dual_port_0          main_mem_dual_port_1          
  %5 = load i32* %scevgep36, a... (idx: 0)        12                            12                            
  %6 = load i32* %scevgep35, a... (idx: 1)        12                            12                            
Solving Bipartite Weighted Matching (minimize weights)...
Assignment matrix after operation/function unit matching:
                                                  main_mem_dual_port_0          main_mem_dual_port_1          
  %5 = load i32* %scevgep36, a... (idx: 0)        1                             0                             
  %6 = load i32* %scevgep35, a... (idx: 1)        0                             1                             
Checking that every operator was assigned to a functional unit...yes
Binding operator -> functional unit assignments:
  %5 = load i32* %scevgep36, a... (idx: 0) -> main_mem_dual_port_0 (mux inputs: 3)
  %6 = load i32* %scevgep35, a... (idx: 1) -> main_mem_dual_port_1 (mux inputs: 3)
State: LEGUP_F_main_BB_preheader
Binding functional unit type: mem_dual_port
Weight matrix for operation/function unit matching:
                                                  main_mem_dual_port_0          main_mem_dual_port_1          
  %7 = load i32* %scevgep34, a... (idx: 0)        13                            13                            
  %8 = load i32* %scevgep33, a... (idx: 1)        13                            13                            
Solving Bipartite Weighted Matching (minimize weights)...
Assignment matrix after operation/function unit matching:
                                                  main_mem_dual_port_0          main_mem_dual_port_1          
  %7 = load i32* %scevgep34, a... (idx: 0)        1                             0                             
  %8 = load i32* %scevgep33, a... (idx: 1)        0                             1                             
Checking that every operator was assigned to a functional unit...yes
Binding operator -> functional unit assignments:
  %7 = load i32* %scevgep34, a... (idx: 0) -> main_mem_dual_port_0 (mux inputs: 4)
  %8 = load i32* %scevgep33, a... (idx: 1) -> main_mem_dual_port_1 (mux inputs: 4)
State: LEGUP_F_main_BB_preheader
Binding functional unit type: mem_dual_port
Weight matrix for operation/function unit matching:
                                                  main_mem_dual_port_0          main_mem_dual_port_1          
  %9 = load i32* %scevgep32, a... (idx: 0)        14                            14                            
  %10 = load i32* %scevgep31, ... (idx: 1)        14                            14                            
Solving Bipartite Weighted Matching (minimize weights)...
Assignment matrix after operation/function unit matching:
                                                  main_mem_dual_port_0          main_mem_dual_port_1          
  %9 = load i32* %scevgep32, a... (idx: 0)        1                             0                             
  %10 = load i32* %scevgep31, ... (idx: 1)        0                             1                             
Checking that every operator was assigned to a functional unit...yes
Binding operator -> functional unit assignments:
  %9 = load i32* %scevgep32, a... (idx: 0) -> main_mem_dual_port_0 (mux inputs: 5)
  %10 = load i32* %scevgep31, ... (idx: 1) -> main_mem_dual_port_1 (mux inputs: 5)
State: LEGUP_F_main_BB_preheader
Binding functional unit type: mem_dual_port
Weight matrix for operation/function unit matching:
                                                  main_mem_dual_port_0          main_mem_dual_port_1          
  %11 = load i32* %scevgep30, ... (idx: 0)        15                            15                            
  %12 = load i32* %scevgep29, ... (idx: 1)        15                            15                            
Solving Bipartite Weighted Matching (minimize weights)...
Assignment matrix after operation/function unit matching:
                                                  main_mem_dual_port_0          main_mem_dual_port_1          
  %11 = load i32* %scevgep30, ... (idx: 0)        1                             0                             
  %12 = load i32* %scevgep29, ... (idx: 1)        0                             1                             
Checking that every operator was assigned to a functional unit...yes
Binding operator -> functional unit assignments:
  %11 = load i32* %scevgep30, ... (idx: 0) -> main_mem_dual_port_0 (mux inputs: 6)
  %12 = load i32* %scevgep29, ... (idx: 1) -> main_mem_dual_port_1 (mux inputs: 6)
State: LEGUP_F_main_BB_preheader
Binding functional unit type: mem_dual_port
Weight matrix for operation/function unit matching:
                                                  main_mem_dual_port_0          main_mem_dual_port_1          
  %13 = load i32* %scevgep28, ... (idx: 0)        16                            16                            
  %14 = load i32* %scevgep27, ... (idx: 1)        16                            16                            
Solving Bipartite Weighted Matching (minimize weights)...
Assignment matrix after operation/function unit matching:
                                                  main_mem_dual_port_0          main_mem_dual_port_1          
  %13 = load i32* %scevgep28, ... (idx: 0)        1                             0                             
  %14 = load i32* %scevgep27, ... (idx: 1)        0                             1                             
Checking that every operator was assigned to a functional unit...yes
Binding operator -> functional unit assignments:
  %13 = load i32* %scevgep28, ... (idx: 0) -> main_mem_dual_port_0 (mux inputs: 7)
  %14 = load i32* %scevgep27, ... (idx: 1) -> main_mem_dual_port_1 (mux inputs: 7)
State: LEGUP_F_main_BB_preheader
Binding functional unit type: mem_dual_port
Weight matrix for operation/function unit matching:
                                                  main_mem_dual_port_0          main_mem_dual_port_1          
  %15 = load i32* %scevgep26, ... (idx: 0)        17                            17                            
  %16 = load i32* %scevgep25, ... (idx: 1)        17                            17                            
Solving Bipartite Weighted Matching (minimize weights)...
Assignment matrix after operation/function unit matching:
                                                  main_mem_dual_port_0          main_mem_dual_port_1          
  %15 = load i32* %scevgep26, ... (idx: 0)        1                             0                             
  %16 = load i32* %scevgep25, ... (idx: 1)        0                             1                             
Checking that every operator was assigned to a functional unit...yes
Binding operator -> functional unit assignments:
  %15 = load i32* %scevgep26, ... (idx: 0) -> main_mem_dual_port_0 (mux inputs: 8)
  %16 = load i32* %scevgep25, ... (idx: 1) -> main_mem_dual_port_1 (mux inputs: 8)
State: LEGUP_F_main_BB_preheader
Binding functional unit type: mem_dual_port
Weight matrix for operation/function unit matching:
                                                  main_mem_dual_port_0          main_mem_dual_port_1          
  %17 = load i32* %scevgep24, ... (idx: 0)        18                            18                            
  %18 = load i32* %scevgep23, ... (idx: 1)        18                            18                            
Solving Bipartite Weighted Matching (minimize weights)...
Assignment matrix after operation/function unit matching:
                                                  main_mem_dual_port_0          main_mem_dual_port_1          
  %17 = load i32* %scevgep24, ... (idx: 0)        1                             0                             
  %18 = load i32* %scevgep23, ... (idx: 1)        0                             1                             
Checking that every operator was assigned to a functional unit...yes
Binding operator -> functional unit assignments:
  %17 = load i32* %scevgep24, ... (idx: 0) -> main_mem_dual_port_0 (mux inputs: 9)
  %18 = load i32* %scevgep23, ... (idx: 1) -> main_mem_dual_port_1 (mux inputs: 9)
State: LEGUP_F_main_BB_preheader
Binding functional unit type: mem_dual_port
Weight matrix for operation/function unit matching:
                                                  main_mem_dual_port_0          main_mem_dual_port_1          
  %19 = load i32* %scevgep22, ... (idx: 0)        19                            19                            
  %20 = load i32* %scevgep21, ... (idx: 1)        19                            19                            
Solving Bipartite Weighted Matching (minimize weights)...
Assignment matrix after operation/function unit matching:
                                                  main_mem_dual_port_0          main_mem_dual_port_1          
  %19 = load i32* %scevgep22, ... (idx: 0)        1                             0                             
  %20 = load i32* %scevgep21, ... (idx: 1)        0                             1                             
Checking that every operator was assigned to a functional unit...yes
Binding operator -> functional unit assignments:
  %19 = load i32* %scevgep22, ... (idx: 0) -> main_mem_dual_port_0 (mux inputs: 10)
  %20 = load i32* %scevgep21, ... (idx: 1) -> main_mem_dual_port_1 (mux inputs: 10)
State: LEGUP_F_main_BB__21
Binding functional unit type: mem_dual_port
Weight matrix for operation/function unit matching:
                                                  main_mem_dual_port_0          main_mem_dual_port_1          
  %22 = load i32* %scevgep20, ... (idx: 0)        20                            20                            
  %24 = load i32* %scevgep19, ... (idx: 1)        20                            20                            
Solving Bipartite Weighted Matching (minimize weights)...
Assignment matrix after operation/function unit matching:
                                                  main_mem_dual_port_0          main_mem_dual_port_1          
  %22 = load i32* %scevgep20, ... (idx: 0)        1                             0                             
  %24 = load i32* %scevgep19, ... (idx: 1)        0                             1                             
Checking that every operator was assigned to a functional unit...yes
Binding operator -> functional unit assignments:
  %22 = load i32* %scevgep20, ... (idx: 0) -> main_mem_dual_port_0 (mux inputs: 11)
  %24 = load i32* %scevgep19, ... (idx: 1) -> main_mem_dual_port_1 (mux inputs: 11)
State: LEGUP_F_main_BB__21
Binding functional unit type: mem_dual_port
Weight matrix for operation/function unit matching:
                                                  main_mem_dual_port_0          main_mem_dual_port_1          
  %27 = load i32* %scevgep18, ... (idx: 0)        21                            21                            
  %30 = load i32* %scevgep17, ... (idx: 1)        21                            21                            
Solving Bipartite Weighted Matching (minimize weights)...
Assignment matrix after operation/function unit matching:
                                                  main_mem_dual_port_0          main_mem_dual_port_1          
  %27 = load i32* %scevgep18, ... (idx: 0)        1                             0                             
  %30 = load i32* %scevgep17, ... (idx: 1)        0                             1                             
Checking that every operator was assigned to a functional unit...yes
Binding operator -> functional unit assignments:
  %27 = load i32* %scevgep18, ... (idx: 0) -> main_mem_dual_port_0 (mux inputs: 12)
  %30 = load i32* %scevgep17, ... (idx: 1) -> main_mem_dual_port_1 (mux inputs: 12)
State: LEGUP_F_main_BB__21
Binding functional unit type: mem_dual_port
Weight matrix for operation/function unit matching:
  %33 = load i32* %scevgep16, ... can share an output register with another operation already assigned to main_mem_dual_port_0
  %33 = load i32* %scevgep16, ... can share an output register with another operation already assigned to main_mem_dual_port_1
  %36 = load i32* %scevgep15, ... can share an output register with another operation already assigned to main_mem_dual_port_0
  %36 = load i32* %scevgep15, ... can share an output register with another operation already assigned to main_mem_dual_port_1
                                                  main_mem_dual_port_0          main_mem_dual_port_1          
  %33 = load i32* %scevgep16, ... (idx: 0)        17                            17                            
  %36 = load i32* %scevgep15, ... (idx: 1)        17                            17                            
Solving Bipartite Weighted Matching (minimize weights)...
Assignment matrix after operation/function unit matching:
                                                  main_mem_dual_port_0          main_mem_dual_port_1          
  %33 = load i32* %scevgep16, ... (idx: 0)        1                             0                             
  %36 = load i32* %scevgep15, ... (idx: 1)        0                             1                             
Checking that every operator was assigned to a functional unit...yes
Binding operator -> functional unit assignments:
  %33 = load i32* %scevgep16, ... (idx: 0) -> main_mem_dual_port_0 (mux inputs: 13)
  %36 = load i32* %scevgep15, ... (idx: 1) -> main_mem_dual_port_1 (mux inputs: 13)
State: LEGUP_F_main_BB__21
Binding functional unit type: mem_dual_port
Weight matrix for operation/function unit matching:
  %39 = load i32* %scevgep14, ... can share an output register with another operation already assigned to main_mem_dual_port_0
  %39 = load i32* %scevgep14, ... can share an output register with another operation already assigned to main_mem_dual_port_1
  %42 = load i32* %scevgep13, ... can share an output register with another operation already assigned to main_mem_dual_port_0
  %42 = load i32* %scevgep13, ... can share an output register with another operation already assigned to main_mem_dual_port_1
                                                  main_mem_dual_port_0          main_mem_dual_port_1          
  %39 = load i32* %scevgep14, ... (idx: 0)        18                            18                            
  %42 = load i32* %scevgep13, ... (idx: 1)        18                            18                            
Solving Bipartite Weighted Matching (minimize weights)...
Assignment matrix after operation/function unit matching:
                                                  main_mem_dual_port_0          main_mem_dual_port_1          
  %39 = load i32* %scevgep14, ... (idx: 0)        1                             0                             
  %42 = load i32* %scevgep13, ... (idx: 1)        0                             1                             
Checking that every operator was assigned to a functional unit...yes
Binding operator -> functional unit assignments:
  %39 = load i32* %scevgep14, ... (idx: 0) -> main_mem_dual_port_0 (mux inputs: 14)
  %42 = load i32* %scevgep13, ... (idx: 1) -> main_mem_dual_port_1 (mux inputs: 14)
State: LEGUP_F_main_BB__21
Binding functional unit type: mem_dual_port
Weight matrix for operation/function unit matching:
  %45 = load i32* %scevgep12, ... can share an output register with another operation already assigned to main_mem_dual_port_0
  %45 = load i32* %scevgep12, ... can share an output register with another operation already assigned to main_mem_dual_port_1
  %48 = load i32* %scevgep11, ... can share an output register with another operation already assigned to main_mem_dual_port_0
  %48 = load i32* %scevgep11, ... can share an output register with another operation already assigned to main_mem_dual_port_1
                                                  main_mem_dual_port_0          main_mem_dual_port_1          
  %45 = load i32* %scevgep12, ... (idx: 0)        19                            19                            
  %48 = load i32* %scevgep11, ... (idx: 1)        19                            19                            
Solving Bipartite Weighted Matching (minimize weights)...
Assignment matrix after operation/function unit matching:
                                                  main_mem_dual_port_0          main_mem_dual_port_1          
  %45 = load i32* %scevgep12, ... (idx: 0)        1                             0                             
  %48 = load i32* %scevgep11, ... (idx: 1)        0                             1                             
Checking that every operator was assigned to a functional unit...yes
Binding operator -> functional unit assignments:
  %45 = load i32* %scevgep12, ... (idx: 0) -> main_mem_dual_port_0 (mux inputs: 15)
  %48 = load i32* %scevgep11, ... (idx: 1) -> main_mem_dual_port_1 (mux inputs: 15)
State: LEGUP_F_main_BB__21
Binding functional unit type: mem_dual_port
Weight matrix for operation/function unit matching:
  %51 = load i32* %scevgep10, ... can share an output register with another operation already assigned to main_mem_dual_port_0
  %51 = load i32* %scevgep10, ... can share an output register with another operation already assigned to main_mem_dual_port_1
  %54 = load i32* %scevgep9, a... can share an output register with another operation already assigned to main_mem_dual_port_0
  %54 = load i32* %scevgep9, a... can share an output register with another operation already assigned to main_mem_dual_port_1
                                                  main_mem_dual_port_0          main_mem_dual_port_1          
  %51 = load i32* %scevgep10, ... (idx: 0)        20                            20                            
  %54 = load i32* %scevgep9, a... (idx: 1)        20                            20                            
Solving Bipartite Weighted Matching (minimize weights)...
Assignment matrix after operation/function unit matching:
                                                  main_mem_dual_port_0          main_mem_dual_port_1          
  %51 = load i32* %scevgep10, ... (idx: 0)        1                             0                             
  %54 = load i32* %scevgep9, a... (idx: 1)        0                             1                             
Checking that every operator was assigned to a functional unit...yes
Binding operator -> functional unit assignments:
  %51 = load i32* %scevgep10, ... (idx: 0) -> main_mem_dual_port_0 (mux inputs: 16)
  %54 = load i32* %scevgep9, a... (idx: 1) -> main_mem_dual_port_1 (mux inputs: 16)
State: LEGUP_F_main_BB__21
Binding functional unit type: mem_dual_port
Weight matrix for operation/function unit matching:
  %57 = load i32* %scevgep8, a... can share an output register with another operation already assigned to main_mem_dual_port_0
  %57 = load i32* %scevgep8, a... can share an output register with another operation already assigned to main_mem_dual_port_1
  %60 = load i32* %scevgep7, a... can share an output register with another operation already assigned to main_mem_dual_port_0
  %60 = load i32* %scevgep7, a... can share an output register with another operation already assigned to main_mem_dual_port_1
                                                  main_mem_dual_port_0          main_mem_dual_port_1          
  %57 = load i32* %scevgep8, a... (idx: 0)        21                            21                            
  %60 = load i32* %scevgep7, a... (idx: 1)        21                            21                            
Solving Bipartite Weighted Matching (minimize weights)...
Assignment matrix after operation/function unit matching:
                                                  main_mem_dual_port_0          main_mem_dual_port_1          
  %57 = load i32* %scevgep8, a... (idx: 0)        1                             0                             
  %60 = load i32* %scevgep7, a... (idx: 1)        0                             1                             
Checking that every operator was assigned to a functional unit...yes
Binding operator -> functional unit assignments:
  %57 = load i32* %scevgep8, a... (idx: 0) -> main_mem_dual_port_0 (mux inputs: 17)
  %60 = load i32* %scevgep7, a... (idx: 1) -> main_mem_dual_port_1 (mux inputs: 17)
State: LEGUP_F_main_BB__21
Binding functional unit type: mem_dual_port
Weight matrix for operation/function unit matching:
  %63 = load i32* %scevgep6, a... can share an output register with another operation already assigned to main_mem_dual_port_0
  %63 = load i32* %scevgep6, a... can share an output register with another operation already assigned to main_mem_dual_port_1
  %66 = load i32* %scevgep5, a... can share an output register with another operation already assigned to main_mem_dual_port_0
  %66 = load i32* %scevgep5, a... can share an output register with another operation already assigned to main_mem_dual_port_1
                                                  main_mem_dual_port_0          main_mem_dual_port_1          
  %63 = load i32* %scevgep6, a... (idx: 0)        22                            22                            
  %66 = load i32* %scevgep5, a... (idx: 1)        22                            22                            
Solving Bipartite Weighted Matching (minimize weights)...
Assignment matrix after operation/function unit matching:
                                                  main_mem_dual_port_0          main_mem_dual_port_1          
  %63 = load i32* %scevgep6, a... (idx: 0)        1                             0                             
  %66 = load i32* %scevgep5, a... (idx: 1)        0                             1                             
Checking that every operator was assigned to a functional unit...yes
Binding operator -> functional unit assignments:
  %63 = load i32* %scevgep6, a... (idx: 0) -> main_mem_dual_port_0 (mux inputs: 18)
  %66 = load i32* %scevgep5, a... (idx: 1) -> main_mem_dual_port_1 (mux inputs: 18)
State: LEGUP_F_main_BB__21
Binding functional unit type: mem_dual_port
Weight matrix for operation/function unit matching:
  %69 = load i32* %scevgep4, a... can share an output register with another operation already assigned to main_mem_dual_port_0
  %69 = load i32* %scevgep4, a... can share an output register with another operation already assigned to main_mem_dual_port_1
  %72 = load i32* %scevgep3, a... can share an output register with another operation already assigned to main_mem_dual_port_0
  %72 = load i32* %scevgep3, a... can share an output register with another operation already assigned to main_mem_dual_port_1
                                                  main_mem_dual_port_0          main_mem_dual_port_1          
  %69 = load i32* %scevgep4, a... (idx: 0)        23                            23                            
  %72 = load i32* %scevgep3, a... (idx: 1)        23                            23                            
Solving Bipartite Weighted Matching (minimize weights)...
Assignment matrix after operation/function unit matching:
                                                  main_mem_dual_port_0          main_mem_dual_port_1          
  %69 = load i32* %scevgep4, a... (idx: 0)        1                             0                             
  %72 = load i32* %scevgep3, a... (idx: 1)        0                             1                             
Checking that every operator was assigned to a functional unit...yes
Binding operator -> functional unit assignments:
  %69 = load i32* %scevgep4, a... (idx: 0) -> main_mem_dual_port_0 (mux inputs: 19)
  %72 = load i32* %scevgep3, a... (idx: 1) -> main_mem_dual_port_1 (mux inputs: 19)
State: LEGUP_F_main_BB__21
Binding functional unit type: mem_dual_port
Weight matrix for operation/function unit matching:
  %75 = load i32* %scevgep2, a... can share an output register with another operation already assigned to main_mem_dual_port_0
  %75 = load i32* %scevgep2, a... can share an output register with another operation already assigned to main_mem_dual_port_1
  %78 = load i32* %scevgep, al... can share an output register with another operation already assigned to main_mem_dual_port_0
  %78 = load i32* %scevgep, al... can share an output register with another operation already assigned to main_mem_dual_port_1
                                                  main_mem_dual_port_0          main_mem_dual_port_1          
  %75 = load i32* %scevgep2, a... (idx: 0)        24                            24                            
  %78 = load i32* %scevgep, al... (idx: 1)        24                            24                            
Solving Bipartite Weighted Matching (minimize weights)...
Assignment matrix after operation/function unit matching:
                                                  main_mem_dual_port_0          main_mem_dual_port_1          
  %75 = load i32* %scevgep2, a... (idx: 0)        1                             0                             
  %78 = load i32* %scevgep, al... (idx: 1)        0                             1                             
Checking that every operator was assigned to a functional unit...yes
Binding operator -> functional unit assignments:
  %75 = load i32* %scevgep2, a... (idx: 0) -> main_mem_dual_port_0 (mux inputs: 20)
  %78 = load i32* %scevgep, al... (idx: 1) -> main_mem_dual_port_1 (mux inputs: 20)

