//----------------------------------------------------------------------------//
// Generated by LegUp High-Level Synthesis Tool Version 4.0 (http://legup.org)
// Compiled: Sun Jun 19 18:41:14 2016
// University of Toronto
// For research and academic purposes only. Commercial use is prohibited.
// Please send bugs to: legup@eecg.toronto.edu
// Date: Thu Dec  8 15:29:50 2016
//----------------------------------------------------------------------------//

-------------------------- Datapath Operation Usage --------------------------

Operation "unknown" x 56 
Operation "signed_add_32" x 21 
Operation "signed_add_64" x 1 
Operation "signed_comp_eq_32" x 2 
Operation "signed_comp_eq_64" x 1 
Operation "signed_multiply_32" x 20 

----------------------------- General Information -----------------------------

Number of declared variables in main: 132
Critical path contains operation: signed_multiply_32

------------------------------ Resource Estimate ------------------------------

Fmax: 310 MHz
Note: Assuming only 87 DSPs available
Warning: These estimates don't account for binding yet!
Logic Elements: 3730
    Combinational: 1070
    Registers: 4259
DSP Elements: 40
