//----------------------------------------------------------------------------//
// Generated by LegUp High-Level Synthesis Tool Version 4.0 (http://legup.org)
// Compiled: Sun Jun 19 18:41:14 2016
// University of Toronto
// For research and academic purposes only. Commercial use is prohibited.
// Please send bugs to: legup@eecg.toronto.edu
// Date: Thu Dec  8 15:29:50 2016
//----------------------------------------------------------------------------//

Target Family: CycloneV
Clock period constraint: 2.000000e+01ns
Start Function: main
state: LEGUP_0
   br label %.preheader
   Transition: if (start): LEGUP_F_main_BB_preheader_1 default: LEGUP_0
state: LEGUP_F_main_BB_preheader_1
   %count.04 = phi i64 [ 0, %0 ], [ %82, %84 ] (endState: LEGUP_F_main_BB_preheader_1)
   %i.03 = phi i32 [ 0, %0 ], [ %85, %84 ] (endState: LEGUP_F_main_BB_preheader_1)
   %scevgep21 = getelementptr [20 x [20 x i32]]* @A1, i32 0, i32 %i.03, i32 19 (endState: LEGUP_F_main_BB_preheader_1)
   %scevgep22 = getelementptr [20 x [20 x i32]]* @A1, i32 0, i32 %i.03, i32 18 (endState: LEGUP_F_main_BB_preheader_1)
   %scevgep23 = getelementptr [20 x [20 x i32]]* @A1, i32 0, i32 %i.03, i32 17 (endState: LEGUP_F_main_BB_preheader_1)
   %scevgep24 = getelementptr [20 x [20 x i32]]* @A1, i32 0, i32 %i.03, i32 16 (endState: LEGUP_F_main_BB_preheader_1)
   %scevgep25 = getelementptr [20 x [20 x i32]]* @A1, i32 0, i32 %i.03, i32 15 (endState: LEGUP_F_main_BB_preheader_1)
   %scevgep26 = getelementptr [20 x [20 x i32]]* @A1, i32 0, i32 %i.03, i32 14 (endState: LEGUP_F_main_BB_preheader_1)
   %scevgep27 = getelementptr [20 x [20 x i32]]* @A1, i32 0, i32 %i.03, i32 13 (endState: LEGUP_F_main_BB_preheader_1)
   %scevgep28 = getelementptr [20 x [20 x i32]]* @A1, i32 0, i32 %i.03, i32 12 (endState: LEGUP_F_main_BB_preheader_1)
   %scevgep29 = getelementptr [20 x [20 x i32]]* @A1, i32 0, i32 %i.03, i32 11 (endState: LEGUP_F_main_BB_preheader_1)
   %scevgep30 = getelementptr [20 x [20 x i32]]* @A1, i32 0, i32 %i.03, i32 10 (endState: LEGUP_F_main_BB_preheader_1)
   %scevgep31 = getelementptr [20 x [20 x i32]]* @A1, i32 0, i32 %i.03, i32 9 (endState: LEGUP_F_main_BB_preheader_1)
   %scevgep32 = getelementptr [20 x [20 x i32]]* @A1, i32 0, i32 %i.03, i32 8 (endState: LEGUP_F_main_BB_preheader_1)
   %scevgep33 = getelementptr [20 x [20 x i32]]* @A1, i32 0, i32 %i.03, i32 7 (endState: LEGUP_F_main_BB_preheader_1)
   %scevgep34 = getelementptr [20 x [20 x i32]]* @A1, i32 0, i32 %i.03, i32 6 (endState: LEGUP_F_main_BB_preheader_1)
   %scevgep35 = getelementptr [20 x [20 x i32]]* @A1, i32 0, i32 %i.03, i32 5 (endState: LEGUP_F_main_BB_preheader_1)
   %scevgep36 = getelementptr [20 x [20 x i32]]* @A1, i32 0, i32 %i.03, i32 4 (endState: LEGUP_F_main_BB_preheader_1)
   %scevgep37 = getelementptr [20 x [20 x i32]]* @A1, i32 0, i32 %i.03, i32 3 (endState: LEGUP_F_main_BB_preheader_1)
   %scevgep38 = getelementptr [20 x [20 x i32]]* @A1, i32 0, i32 %i.03, i32 2 (endState: LEGUP_F_main_BB_preheader_1)
   %scevgep39 = getelementptr [20 x [20 x i32]]* @A1, i32 0, i32 %i.03, i32 1 (endState: LEGUP_F_main_BB_preheader_1)
   %scevgep40 = getelementptr [20 x [20 x i32]]* @A1, i32 0, i32 %i.03, i32 0 (endState: LEGUP_F_main_BB_preheader_1)
   %1 = load i32* %scevgep40, align 4, !tbaa !1 (endState: LEGUP_F_main_BB_preheader_3)
   %2 = load i32* %scevgep39, align 4, !tbaa !1 (endState: LEGUP_F_main_BB_preheader_3)
   Transition: default: LEGUP_F_main_BB_preheader_2
state: LEGUP_F_main_BB_preheader_2
   %3 = load i32* %scevgep38, align 4, !tbaa !1 (endState: LEGUP_F_main_BB_preheader_4)
   %4 = load i32* %scevgep37, align 4, !tbaa !1 (endState: LEGUP_F_main_BB_preheader_4)
   Transition: default: LEGUP_F_main_BB_preheader_3
state: LEGUP_F_main_BB_preheader_3
   %5 = load i32* %scevgep36, align 4, !tbaa !1 (endState: LEGUP_F_main_BB_preheader_5)
   %6 = load i32* %scevgep35, align 4, !tbaa !1 (endState: LEGUP_F_main_BB_preheader_5)
   Transition: default: LEGUP_F_main_BB_preheader_4
state: LEGUP_F_main_BB_preheader_4
   %7 = load i32* %scevgep34, align 4, !tbaa !1 (endState: LEGUP_F_main_BB_preheader_6)
   %8 = load i32* %scevgep33, align 4, !tbaa !1 (endState: LEGUP_F_main_BB_preheader_6)
   Transition: default: LEGUP_F_main_BB_preheader_5
state: LEGUP_F_main_BB_preheader_5
   %9 = load i32* %scevgep32, align 4, !tbaa !1 (endState: LEGUP_F_main_BB_preheader_7)
   %10 = load i32* %scevgep31, align 4, !tbaa !1 (endState: LEGUP_F_main_BB_preheader_7)
   Transition: default: LEGUP_F_main_BB_preheader_6
state: LEGUP_F_main_BB_preheader_6
   %11 = load i32* %scevgep30, align 4, !tbaa !1 (endState: LEGUP_F_main_BB_preheader_8)
   %12 = load i32* %scevgep29, align 4, !tbaa !1 (endState: LEGUP_F_main_BB_preheader_8)
   Transition: default: LEGUP_F_main_BB_preheader_7
state: LEGUP_F_main_BB_preheader_7
   %13 = load i32* %scevgep28, align 4, !tbaa !1 (endState: LEGUP_F_main_BB_preheader_9)
   %14 = load i32* %scevgep27, align 4, !tbaa !1 (endState: LEGUP_F_main_BB_preheader_9)
   Transition: default: LEGUP_F_main_BB_preheader_8
state: LEGUP_F_main_BB_preheader_8
   %15 = load i32* %scevgep26, align 4, !tbaa !1 (endState: LEGUP_F_main_BB_preheader_10)
   %16 = load i32* %scevgep25, align 4, !tbaa !1 (endState: LEGUP_F_main_BB_preheader_10)
   Transition: default: LEGUP_F_main_BB_preheader_9
state: LEGUP_F_main_BB_preheader_9
   %17 = load i32* %scevgep24, align 4, !tbaa !1 (endState: LEGUP_F_main_BB_preheader_11)
   %18 = load i32* %scevgep23, align 4, !tbaa !1 (endState: LEGUP_F_main_BB_preheader_11)
   Transition: default: LEGUP_F_main_BB_preheader_10
state: LEGUP_F_main_BB_preheader_10
   %19 = load i32* %scevgep22, align 4, !tbaa !1 (endState: LEGUP_F_main_BB_preheader_12)
   %20 = load i32* %scevgep21, align 4, !tbaa !1 (endState: LEGUP_F_main_BB_preheader_12)
   Transition: default: LEGUP_F_main_BB_preheader_11
state: LEGUP_F_main_BB_preheader_11
   Transition: default: LEGUP_F_main_BB_preheader_12
state: LEGUP_F_main_BB_preheader_12
   br label %21
   Transition: default: LEGUP_F_main_BB__21_13
state: LEGUP_F_main_BB__21_13
   %count.12 = phi i64 [ %count.04, %.preheader ], [ %82, %21 ] (endState: LEGUP_F_main_BB__21_13)
   %j.01 = phi i32 [ 0, %.preheader ], [ %83, %21 ] (endState: LEGUP_F_main_BB__21_13)
   %scevgep = getelementptr [20 x [20 x i32]]* @B1, i32 0, i32 19, i32 %j.01 (endState: LEGUP_F_main_BB__21_13)
   %scevgep2 = getelementptr [20 x [20 x i32]]* @B1, i32 0, i32 18, i32 %j.01 (endState: LEGUP_F_main_BB__21_13)
   %scevgep3 = getelementptr [20 x [20 x i32]]* @B1, i32 0, i32 17, i32 %j.01 (endState: LEGUP_F_main_BB__21_13)
   %scevgep4 = getelementptr [20 x [20 x i32]]* @B1, i32 0, i32 16, i32 %j.01 (endState: LEGUP_F_main_BB__21_13)
   %scevgep5 = getelementptr [20 x [20 x i32]]* @B1, i32 0, i32 15, i32 %j.01 (endState: LEGUP_F_main_BB__21_13)
   %scevgep6 = getelementptr [20 x [20 x i32]]* @B1, i32 0, i32 14, i32 %j.01 (endState: LEGUP_F_main_BB__21_13)
   %scevgep7 = getelementptr [20 x [20 x i32]]* @B1, i32 0, i32 13, i32 %j.01 (endState: LEGUP_F_main_BB__21_13)
   %scevgep8 = getelementptr [20 x [20 x i32]]* @B1, i32 0, i32 12, i32 %j.01 (endState: LEGUP_F_main_BB__21_13)
   %scevgep9 = getelementptr [20 x [20 x i32]]* @B1, i32 0, i32 11, i32 %j.01 (endState: LEGUP_F_main_BB__21_13)
   %scevgep10 = getelementptr [20 x [20 x i32]]* @B1, i32 0, i32 10, i32 %j.01 (endState: LEGUP_F_main_BB__21_13)
   %scevgep11 = getelementptr [20 x [20 x i32]]* @B1, i32 0, i32 9, i32 %j.01 (endState: LEGUP_F_main_BB__21_13)
   %scevgep12 = getelementptr [20 x [20 x i32]]* @B1, i32 0, i32 8, i32 %j.01 (endState: LEGUP_F_main_BB__21_13)
   %scevgep13 = getelementptr [20 x [20 x i32]]* @B1, i32 0, i32 7, i32 %j.01 (endState: LEGUP_F_main_BB__21_13)
   %scevgep14 = getelementptr [20 x [20 x i32]]* @B1, i32 0, i32 6, i32 %j.01 (endState: LEGUP_F_main_BB__21_13)
   %scevgep15 = getelementptr [20 x [20 x i32]]* @B1, i32 0, i32 5, i32 %j.01 (endState: LEGUP_F_main_BB__21_13)
   %scevgep16 = getelementptr [20 x [20 x i32]]* @B1, i32 0, i32 4, i32 %j.01 (endState: LEGUP_F_main_BB__21_13)
   %scevgep17 = getelementptr [20 x [20 x i32]]* @B1, i32 0, i32 3, i32 %j.01 (endState: LEGUP_F_main_BB__21_13)
   %scevgep18 = getelementptr [20 x [20 x i32]]* @B1, i32 0, i32 2, i32 %j.01 (endState: LEGUP_F_main_BB__21_13)
   %scevgep19 = getelementptr [20 x [20 x i32]]* @B1, i32 0, i32 1, i32 %j.01 (endState: LEGUP_F_main_BB__21_13)
   %scevgep20 = getelementptr [20 x [20 x i32]]* @B1, i32 0, i32 0, i32 %j.01 (endState: LEGUP_F_main_BB__21_13)
   %22 = load i32* %scevgep20, align 4, !tbaa !1 (endState: LEGUP_F_main_BB__21_15)
   %24 = load i32* %scevgep19, align 4, !tbaa !1 (endState: LEGUP_F_main_BB__21_15)
   %83 = add nsw i32 %j.01, 1 (endState: LEGUP_F_main_BB__21_13)
   %exitcond1 = icmp eq i32 %83, 20 (endState: LEGUP_F_main_BB__21_13)
   Transition: default: LEGUP_F_main_BB__21_14
state: LEGUP_F_main_BB__21_14
   %27 = load i32* %scevgep18, align 4, !tbaa !1 (endState: LEGUP_F_main_BB__21_16)
   %30 = load i32* %scevgep17, align 4, !tbaa !1 (endState: LEGUP_F_main_BB__21_16)
   Transition: default: LEGUP_F_main_BB__21_15
state: LEGUP_F_main_BB__21_15
   %23 = mul nsw i32 %22, %1 (endState: LEGUP_F_main_BB__21_16)
   %25 = mul nsw i32 %24, %2 (endState: LEGUP_F_main_BB__21_16)
   %33 = load i32* %scevgep16, align 4, !tbaa !1 (endState: LEGUP_F_main_BB__21_17)
   %36 = load i32* %scevgep15, align 4, !tbaa !1 (endState: LEGUP_F_main_BB__21_17)
   Transition: default: LEGUP_F_main_BB__21_16
state: LEGUP_F_main_BB__21_16
   %26 = add nsw i32 %23, %25 (endState: LEGUP_F_main_BB__21_16)
   %28 = mul nsw i32 %27, %3 (endState: LEGUP_F_main_BB__21_17)
   %31 = mul nsw i32 %30, %4 (endState: LEGUP_F_main_BB__21_17)
   %39 = load i32* %scevgep14, align 4, !tbaa !1 (endState: LEGUP_F_main_BB__21_18)
   %42 = load i32* %scevgep13, align 4, !tbaa !1 (endState: LEGUP_F_main_BB__21_18)
   Transition: default: LEGUP_F_main_BB__21_17
state: LEGUP_F_main_BB__21_17
   %29 = add nsw i32 %26, %28 (endState: LEGUP_F_main_BB__21_17)
   %32 = add nsw i32 %29, %31 (endState: LEGUP_F_main_BB__21_17)
   %34 = mul nsw i32 %33, %5 (endState: LEGUP_F_main_BB__21_18)
   %37 = mul nsw i32 %36, %6 (endState: LEGUP_F_main_BB__21_18)
   %45 = load i32* %scevgep12, align 4, !tbaa !1 (endState: LEGUP_F_main_BB__21_19)
   %48 = load i32* %scevgep11, align 4, !tbaa !1 (endState: LEGUP_F_main_BB__21_19)
   Transition: default: LEGUP_F_main_BB__21_18
state: LEGUP_F_main_BB__21_18
   %35 = add nsw i32 %34, %32 (endState: LEGUP_F_main_BB__21_18)
   %38 = add nsw i32 %35, %37 (endState: LEGUP_F_main_BB__21_18)
   %40 = mul nsw i32 %39, %7 (endState: LEGUP_F_main_BB__21_19)
   %43 = mul nsw i32 %42, %8 (endState: LEGUP_F_main_BB__21_19)
   %51 = load i32* %scevgep10, align 4, !tbaa !1 (endState: LEGUP_F_main_BB__21_20)
   %54 = load i32* %scevgep9, align 4, !tbaa !1 (endState: LEGUP_F_main_BB__21_20)
   Transition: default: LEGUP_F_main_BB__21_19
state: LEGUP_F_main_BB__21_19
   %41 = add nsw i32 %38, %40 (endState: LEGUP_F_main_BB__21_19)
   %44 = add nsw i32 %41, %43 (endState: LEGUP_F_main_BB__21_19)
   %46 = mul nsw i32 %45, %9 (endState: LEGUP_F_main_BB__21_20)
   %49 = mul nsw i32 %48, %10 (endState: LEGUP_F_main_BB__21_20)
   %57 = load i32* %scevgep8, align 4, !tbaa !1 (endState: LEGUP_F_main_BB__21_21)
   %60 = load i32* %scevgep7, align 4, !tbaa !1 (endState: LEGUP_F_main_BB__21_21)
   Transition: default: LEGUP_F_main_BB__21_20
state: LEGUP_F_main_BB__21_20
   %47 = add nsw i32 %46, %44 (endState: LEGUP_F_main_BB__21_20)
   %50 = add nsw i32 %47, %49 (endState: LEGUP_F_main_BB__21_20)
   %52 = mul nsw i32 %51, %11 (endState: LEGUP_F_main_BB__21_21)
   %55 = mul nsw i32 %54, %12 (endState: LEGUP_F_main_BB__21_21)
   %63 = load i32* %scevgep6, align 4, !tbaa !1 (endState: LEGUP_F_main_BB__21_22)
   %66 = load i32* %scevgep5, align 4, !tbaa !1 (endState: LEGUP_F_main_BB__21_22)
   Transition: default: LEGUP_F_main_BB__21_21
state: LEGUP_F_main_BB__21_21
   %53 = add nsw i32 %50, %52 (endState: LEGUP_F_main_BB__21_21)
   %56 = add nsw i32 %53, %55 (endState: LEGUP_F_main_BB__21_21)
   %58 = mul nsw i32 %57, %13 (endState: LEGUP_F_main_BB__21_22)
   %61 = mul nsw i32 %60, %14 (endState: LEGUP_F_main_BB__21_22)
   %69 = load i32* %scevgep4, align 4, !tbaa !1 (endState: LEGUP_F_main_BB__21_23)
   %72 = load i32* %scevgep3, align 4, !tbaa !1 (endState: LEGUP_F_main_BB__21_23)
   Transition: default: LEGUP_F_main_BB__21_22
state: LEGUP_F_main_BB__21_22
   %59 = add nsw i32 %58, %56 (endState: LEGUP_F_main_BB__21_22)
   %62 = add nsw i32 %59, %61 (endState: LEGUP_F_main_BB__21_22)
   %64 = mul nsw i32 %63, %15 (endState: LEGUP_F_main_BB__21_23)
   %67 = mul nsw i32 %66, %16 (endState: LEGUP_F_main_BB__21_23)
   %75 = load i32* %scevgep2, align 4, !tbaa !1 (endState: LEGUP_F_main_BB__21_24)
   %78 = load i32* %scevgep, align 4, !tbaa !1 (endState: LEGUP_F_main_BB__21_24)
   Transition: default: LEGUP_F_main_BB__21_23
state: LEGUP_F_main_BB__21_23
   %65 = add nsw i32 %62, %64 (endState: LEGUP_F_main_BB__21_23)
   %68 = add nsw i32 %65, %67 (endState: LEGUP_F_main_BB__21_23)
   %70 = mul nsw i32 %69, %17 (endState: LEGUP_F_main_BB__21_24)
   %73 = mul nsw i32 %72, %18 (endState: LEGUP_F_main_BB__21_24)
   Transition: default: LEGUP_F_main_BB__21_24
state: LEGUP_F_main_BB__21_24
   %71 = add nsw i32 %70, %68 (endState: LEGUP_F_main_BB__21_24)
   %74 = add nsw i32 %71, %73 (endState: LEGUP_F_main_BB__21_24)
   %76 = mul nsw i32 %75, %19 (endState: LEGUP_F_main_BB__21_25)
   %79 = mul nsw i32 %78, %20 (endState: LEGUP_F_main_BB__21_25)
   Transition: default: LEGUP_F_main_BB__21_25
state: LEGUP_F_main_BB__21_25
   %77 = add nsw i32 %74, %76 (endState: LEGUP_F_main_BB__21_25)
   %80 = add nsw i32 %77, %79 (endState: LEGUP_F_main_BB__21_25)
   %81 = sext i32 %80 to i64 (endState: LEGUP_F_main_BB__21_25)
   %82 = add i64 %81, %count.12 (endState: LEGUP_F_main_BB__21_25)
   br i1 %exitcond1, label %84, label %21
   Transition: if (%exitcond1): LEGUP_F_main_BB__84_26 default: LEGUP_F_main_BB__21_13
state: LEGUP_F_main_BB__84_26
   %85 = add nsw i32 %i.03, 1 (endState: LEGUP_F_main_BB__84_26)
   %exitcond = icmp eq i32 %85, 20 (endState: LEGUP_F_main_BB__84_26)
   br i1 %exitcond, label %86, label %.preheader
   Transition: if (%exitcond): LEGUP_F_main_BB__86_27 default: LEGUP_F_main_BB_preheader_1
state: LEGUP_F_main_BB__86_27
   %87 = tail call i32 (i8*, ...)* @printf(i8* getelementptr inbounds ([14 x i8]* @.str, i32 0, i32 0), i64 %82) #1 (endState: LEGUP_F_main_BB__86_27)
   %88 = icmp eq i64 %82, 962122000 (endState: LEGUP_F_main_BB__86_27)
   br i1 %88, label %89, label %91
   Transition: if (%88): LEGUP_F_main_BB__89_28 default: LEGUP_F_main_BB__91_29
state: LEGUP_F_main_BB__89_28
   %90 = tail call i32 (i8*, ...)* @printf(i8* getelementptr inbounds ([14 x i8]* @.str1, i32 0, i32 0)) #1 (endState: LEGUP_F_main_BB__89_28)
   br label %93
   Transition: default: LEGUP_F_main_BB__93_30
state: LEGUP_F_main_BB__91_29
   %92 = tail call i32 (i8*, ...)* @printf(i8* getelementptr inbounds ([14 x i8]* @.str2, i32 0, i32 0)) #1 (endState: LEGUP_F_main_BB__91_29)
   br label %93
   Transition: default: LEGUP_F_main_BB__93_30
state: LEGUP_F_main_BB__93_30
   %94 = trunc i64 %82 to i32 (endState: LEGUP_F_main_BB__93_30)
   ret i32 %94
   Transition: default: LEGUP_0

Basic Block: %0 Num States: 1
Basic Block: %.preheader Num States: 12
Basic Block: %21 Num States: 13
Basic Block: %84 Num States: 1
Basic Block: %86 Num States: 1
Basic Block: %89 Num States: 1
Basic Block: %91 Num States: 1
Basic Block: %93 Num States: 1
End Function: main
--------------------------------------------------------------------------------

