//----------------------------------------------------------------------------//
// Generated by LegUp High-Level Synthesis Tool Version 4.0 (http://legup.org)
// Compiled: Sun Jun 19 18:41:14 2016
// University of Toronto
// For research and academic purposes only. Commercial use is prohibited.
// Please send bugs to: legup@eecg.toronto.edu
// Date: Thu Dec  8 15:29:50 2016
//----------------------------------------------------------------------------//

-----------------Function: main---------------
-------------------------1---------------------------
-----------------Delay of path:8.15 ns---------------
-----------------State:LEGUP_F_main_BB__21_25-----------------
(2.50 ns) --- (2.50 ns) ---   %77 = add nsw i32 %74, %76
(2.50 ns) --- (4.99 ns) ---   %80 = add nsw i32 %77, %79
(0.00 ns) --- (4.99 ns) ---   %81 = sext i32 %80 to i64
(3.16 ns) --- (8.15 ns) ---   %82 = add i64 %81, %count.12

-----------------Function: main---------------
-------------------------2---------------------------
-----------------Delay of path:5.66 ns---------------
-----------------State:LEGUP_F_main_BB__21_25-----------------
(2.50 ns) --- (2.50 ns) ---   %80 = add nsw i32 %77, %79
(0.00 ns) --- (2.50 ns) ---   %81 = sext i32 %80 to i64
(3.16 ns) --- (5.66 ns) ---   %82 = add i64 %81, %count.12

-----------------Function: main---------------
-------------------------3---------------------------
-----------------Delay of path:4.99 ns---------------
-----------------State:LEGUP_F_main_BB__21_17-----------------
(2.50 ns) --- (2.50 ns) ---   %29 = add nsw i32 %26, %28
(2.50 ns) --- (4.99 ns) ---   %32 = add nsw i32 %29, %31

-----------------Function: main---------------
-------------------------4---------------------------
-----------------Delay of path:4.99 ns---------------
-----------------State:LEGUP_F_main_BB__21_18-----------------
(2.50 ns) --- (2.50 ns) ---   %35 = add nsw i32 %34, %32
(2.50 ns) --- (4.99 ns) ---   %38 = add nsw i32 %35, %37

-----------------Function: main---------------
-------------------------5---------------------------
-----------------Delay of path:4.99 ns---------------
-----------------State:LEGUP_F_main_BB__21_19-----------------
(2.50 ns) --- (2.50 ns) ---   %41 = add nsw i32 %38, %40
(2.50 ns) --- (4.99 ns) ---   %44 = add nsw i32 %41, %43

-----------------Function: main---------------
-------------------------6---------------------------
-----------------Delay of path:4.99 ns---------------
-----------------State:LEGUP_F_main_BB__21_20-----------------
(2.50 ns) --- (2.50 ns) ---   %47 = add nsw i32 %46, %44
(2.50 ns) --- (4.99 ns) ---   %50 = add nsw i32 %47, %49

-----------------Function: main---------------
-------------------------7---------------------------
-----------------Delay of path:4.99 ns---------------
-----------------State:LEGUP_F_main_BB__21_21-----------------
(2.50 ns) --- (2.50 ns) ---   %53 = add nsw i32 %50, %52
(2.50 ns) --- (4.99 ns) ---   %56 = add nsw i32 %53, %55

-----------------Function: main---------------
-------------------------8---------------------------
-----------------Delay of path:4.99 ns---------------
-----------------State:LEGUP_F_main_BB__21_22-----------------
(2.50 ns) --- (2.50 ns) ---   %59 = add nsw i32 %58, %56
(2.50 ns) --- (4.99 ns) ---   %62 = add nsw i32 %59, %61

-----------------Function: main---------------
-------------------------9---------------------------
-----------------Delay of path:4.99 ns---------------
-----------------State:LEGUP_F_main_BB__21_23-----------------
(2.50 ns) --- (2.50 ns) ---   %65 = add nsw i32 %62, %64
(2.50 ns) --- (4.99 ns) ---   %68 = add nsw i32 %65, %67

-----------------Function: main---------------
-------------------------10---------------------------
-----------------Delay of path:4.99 ns---------------
-----------------State:LEGUP_F_main_BB__21_24-----------------
(2.50 ns) --- (2.50 ns) ---   %71 = add nsw i32 %70, %68
(2.50 ns) --- (4.99 ns) ---   %74 = add nsw i32 %71, %73


