Flow report for top
Thu Dec  8 15:37:57 2016
Quartus II 64-Bit Version 15.0.0 Build 145 04/22/2015 SJ Web Edition


---------------------
; Table of Contents ;
---------------------
  1. Legal Notice
  2. Flow Summary
  3. Flow Settings
  4. Flow Non-Default Global Settings
  5. Flow Elapsed Time
  6. Flow OS Summary
  7. Flow Log
  8. Flow Messages
  9. Flow Suppressed Messages



----------------
; Legal Notice ;
----------------
Copyright (C) 1991-2015 Altera Corporation. All rights reserved.
Your use of Altera Corporation's design tools, logic functions 
and other software and tools, and its AMPP partner logic 
functions, and any output files from any of the foregoing 
(including device programming or simulation files), and any 
associated documentation or information are expressly subject 
to the terms and conditions of the Altera Program License 
Subscription Agreement, the Altera Quartus II License Agreement,
the Altera MegaCore Function License Agreement, or other 
applicable license agreement, including, without limitation, 
that your use is for the sole purpose of programming logic 
devices manufactured by Altera and sold by Altera or its 
authorized distributors.  Please refer to the applicable 
agreement for further details.



+------------------------------------------------------------------------------+
; Flow Summary                                                                 ;
+---------------------------------+--------------------------------------------+
; Flow Status                     ; Successful - Thu Dec  8 15:37:14 2016      ;
; Quartus II 64-Bit Version       ; 15.0.0 Build 145 04/22/2015 SJ Web Edition ;
; Revision Name                   ; top                                        ;
; Top-level Entity Name           ; top                                        ;
; Family                          ; Cyclone V                                  ;
; Device                          ; 5CSEMA5F31C6                               ;
; Timing Models                   ; Final                                      ;
; Logic utilization (in ALMs)     ; 1,170 / 32,070 ( 4 % )                     ;
; Total registers                 ; 1194                                       ;
; Total pins                      ; 37 / 457 ( 8 % )                           ;
; Total virtual pins              ; 0                                          ;
; Total block memory bits         ; 25,600 / 4,065,280 ( < 1 % )               ;
; Total DSP Blocks                ; 40 / 87 ( 46 % )                           ;
; Total HSSI RX PCSs              ; 0                                          ;
; Total HSSI PMA RX Deserializers ; 0                                          ;
; Total HSSI TX PCSs              ; 0                                          ;
; Total HSSI PMA TX Serializers   ; 0                                          ;
; Total PLLs                      ; 0 / 6 ( 0 % )                              ;
; Total DLLs                      ; 0 / 4 ( 0 % )                              ;
+---------------------------------+--------------------------------------------+


+-----------------------------------------+
; Flow Settings                           ;
+-------------------+---------------------+
; Option            ; Setting             ;
+-------------------+---------------------+
; Start date & time ; 12/08/2016 15:31:48 ;
; Main task         ; Compilation         ;
; Revision Name     ; top                 ;
+-------------------+---------------------+


+------------------------------------------------------------------------------------------------------------------------------------+
; Flow Non-Default Global Settings                                                                                                   ;
+-------------------------------------+---------------------------------------------------+---------------+-------------+------------+
; Assignment Name                     ; Value                                             ; Default Value ; Entity Name ; Section Id ;
+-------------------------------------+---------------------------------------------------+---------------+-------------+------------+
; COMPILER_SIGNATURE_ID               ; 8796757184180.148122910712373                     ; --            ; --          ; --         ;
; PARTITION_COLOR                     ; 16764057                                          ; --            ; --          ; Top        ;
; PARTITION_FITTER_PRESERVATION_LEVEL ; PLACEMENT_AND_ROUTING                             ; --            ; --          ; Top        ;
; PARTITION_NETLIST_TYPE              ; SOURCE                                            ; --            ; --          ; Top        ;
; SEARCH_PATH                         ; /home/legup/legup-4.0/tiger/processor/altera_libs ; --            ; --          ; --         ;
; TIMEQUEST_DO_REPORT_TIMING          ; On                                                ; Off           ; --          ; --         ;
+-------------------------------------+---------------------------------------------------+---------------+-------------+------------+


+-------------------------------------------------------------------------------------------------------------------------------+
; Flow Elapsed Time                                                                                                             ;
+---------------------------+--------------+-------------------------+---------------------+------------------------------------+
; Module Name               ; Elapsed Time ; Average Processors Used ; Peak Virtual Memory ; Total CPU Time (on all processors) ;
+---------------------------+--------------+-------------------------+---------------------+------------------------------------+
; Analysis & Synthesis      ; 00:01:21     ; 1.0                     ; 1077 MB             ; 00:00:43                           ;
; Fitter                    ; 00:03:23     ; 1.0                     ; 2014 MB             ; 00:02:22                           ;
; Assembler                 ; 00:00:15     ; 1.0                     ; 1004 MB             ; 00:00:13                           ;
; TimeQuest Timing Analyzer ; 00:00:38     ; 1.0                     ; 1289 MB             ; 00:00:36                           ;
; Total                     ; 00:05:37     ; --                      ; --                  ; 00:03:54                           ;
+---------------------------+--------------+-------------------------+---------------------+------------------------------------+


+---------------------------------------------------------------------------------------------+
; Flow OS Summary                                                                             ;
+---------------------------+------------------+----------------+------------+----------------+
; Module Name               ; Machine Hostname ; OS Name        ; OS Version ; Processor type ;
+---------------------------+------------------+----------------+------------+----------------+
; Analysis & Synthesis      ; legup-vm         ; Ubuntu 14.04.4 ; 14         ; x86_64         ;
; Fitter                    ; legup-vm         ; Ubuntu 14.04.4 ; 14         ; x86_64         ;
; Assembler                 ; legup-vm         ; Ubuntu 14.04.4 ; 14         ; x86_64         ;
; TimeQuest Timing Analyzer ; legup-vm         ; Ubuntu 14.04.4 ; 14         ; x86_64         ;
+---------------------------+------------------+----------------+------------+----------------+


------------
; Flow Log ;
------------
quartus_map --read_settings_files=on --write_settings_files=off top -c top
quartus_fit --read_settings_files=off --write_settings_files=off top -c top
quartus_asm --read_settings_files=off --write_settings_files=off top -c top
quartus_sta top -c top



