//----------------------------------------------------------------------------//
// Generated by LegUp High-Level Synthesis Tool Version 4.0 (http://legup.org)
// Compiled: Sun Jul 26 12:56:54 2015
// University of Toronto
// For research and academic purposes only. Commercial use is prohibited.
// Please send bugs to: legup@eecg.toronto.edu
// Date: Sat Jun 18 16:04:57 2016
//----------------------------------------------------------------------------//

-----------------Function: main---------------
-------------------------1---------------------------
-----------------Delay of path:20.00 ns---------------
-----------------State:LEGUP_F_main_BB_preheaderi_103-----------------
(0.00 ns) --- (0.00 ns) ---   %indvar = phi i32 [ %indvar.next, %.preheader.i ], [ 0, %.preheader.i.preheader ]
(0.00 ns) --- (0.00 ns) ---   %i.11.i = shl i32 %indvar, 1
(20.00 ns) --- (20.00 ns) ---   %252 = sdiv i32 %i.11.i, 2

-----------------Function: main---------------
-------------------------2---------------------------
-----------------Delay of path:20.00 ns---------------
-----------------State:LEGUP_F_main_BB_quantlexiti_51-----------------
(20.00 ns) --- (20.00 ns) ---   %234 = sdiv i32 %i.02.i, 2

-----------------Function: main---------------
-------------------------3---------------------------
-----------------Delay of path:20.00 ns---------------
-----------------State:LEGUP_F_main_BB_quantlexiti_51-----------------
(20.00 ns) --- (20.00 ns) ---   %quant26bt_pos.quant26bt_neg.i.i = select i1 %111, [31 x i32]* @quant26bt_pos, [31 x i32]* @quant26bt_neg

-----------------Function: main---------------
-------------------------4---------------------------
-----------------Delay of path:19.46 ns---------------
-----------------State:LEGUP_F_main_BB_preheaderi_166-----------------
(2.50 ns) --- (2.50 ns) ---   %327 = add nsw i32 %324, 192
(2.50 ns) --- (4.99 ns) ---   %apl1.0.i5.i = add nsw i32 %327, %326
(3.13 ns) --- (8.12 ns) ---   %329 = icmp sgt i32 %apl1.0.i5.i, %328
(3.99 ns) --- (12.11 ns) ---   %.apl1.0.i6.i = select i1 %329, i32 %328, i32 %apl1.0.i5.i
(3.36 ns) --- (15.47 ns) ---   %331 = icmp slt i32 %.apl1.0.i6.i, %330
(3.99 ns) --- (19.46 ns) ---   %apl1.2.i7.i = select i1 %331, i32 %330, i32 %.apl1.0.i6.i

-----------------Function: main---------------
-------------------------5---------------------------
-----------------Delay of path:19.46 ns---------------
-----------------State:LEGUP_F_main_BB_preheaderi_157-----------------
(2.50 ns) --- (2.50 ns) ---   %wd4.0.i.i = add nsw i32 %385, %391
(2.50 ns) --- (4.99 ns) ---   %392 = add nsw i32 %wd4.0.i.i, %389
(3.13 ns) --- (8.12 ns) ---   %393 = icmp sgt i32 %392, 12288
(3.99 ns) --- (12.11 ns) ---   %..i.i = select i1 %393, i32 12288, i32 %392
(3.36 ns) --- (15.47 ns) ---   %394 = icmp slt i32 %..i.i, -12288
(3.99 ns) --- (19.46 ns) ---   %...i.i = select i1 %394, i32 -12288, i32 %..i.i

-----------------Function: main---------------
-------------------------6---------------------------
-----------------Delay of path:19.46 ns---------------
-----------------State:LEGUP_F_main_BB_preheaderi_156-----------------
(2.50 ns) --- (2.50 ns) ---   %wd4.0.i9.i = add nsw i32 %313, %319
(2.50 ns) --- (4.99 ns) ---   %320 = add nsw i32 %wd4.0.i9.i, %317
(3.13 ns) --- (8.12 ns) ---   %321 = icmp sgt i32 %320, 12288
(3.99 ns) --- (12.11 ns) ---   %..i10.i = select i1 %321, i32 12288, i32 %320
(3.36 ns) --- (15.47 ns) ---   %322 = icmp slt i32 %..i10.i, -12288
(3.99 ns) --- (19.46 ns) ---   %...i11.i = select i1 %322, i32 -12288, i32 %..i10.i

-----------------Function: main---------------
-------------------------7---------------------------
-----------------Delay of path:19.37 ns---------------
-----------------State:LEGUP_F_main_BB_preheaderi_142-----------------
(2.50 ns) --- (2.50 ns) ---   %369 = add nsw i32 %366, %368
(3.36 ns) --- (5.86 ns) ---   %370 = icmp slt i32 %369, 0
(3.99 ns) --- (9.85 ns) ---   %..i1.i = select i1 %370, i32 0, i32 %369
(3.13 ns) --- (12.98 ns) ---   %371 = icmp sgt i32 %..i1.i, 22528
(3.99 ns) --- (16.97 ns) ---   %...i2.i = select i1 %371, i32 22528, i32 %..i1.i
(0.00 ns) --- (16.97 ns) ---   %374 = ashr i32 %...i2.i, 11
(2.40 ns) --- (19.37 ns) ---   %377 = sub i32 11, %374

-----------------Function: main---------------
-------------------------8---------------------------
-----------------Delay of path:19.37 ns---------------
-----------------State:LEGUP_F_main_BB_preheaderi_137-----------------
(2.50 ns) --- (2.50 ns) ---   %297 = add nsw i32 %294, %296
(3.36 ns) --- (5.86 ns) ---   %298 = icmp slt i32 %297, 0
(3.99 ns) --- (9.85 ns) ---   %..i12.i = select i1 %298, i32 0, i32 %297
(3.13 ns) --- (12.98 ns) ---   %299 = icmp sgt i32 %..i12.i, 18432
(3.99 ns) --- (16.97 ns) ---   %...i13.i = select i1 %299, i32 18432, i32 %..i12.i
(0.00 ns) --- (16.97 ns) ---   %302 = ashr i32 %...i13.i, 11
(2.40 ns) --- (19.37 ns) ---   %305 = sub i32 9, %302

-----------------Function: main---------------
-------------------------9---------------------------
-----------------Delay of path:19.37 ns---------------
-----------------State:LEGUP_F_main_BB_quantlexiti_75-----------------
(2.50 ns) --- (2.50 ns) ---   %221 = add nsw i32 %wd4.0.i.i17, %218
(3.13 ns) --- (5.63 ns) ---   %222 = icmp sgt i32 %221, 12288
(3.99 ns) --- (9.62 ns) ---   %..i.i18 = select i1 %222, i32 12288, i32 %221
(3.36 ns) --- (12.98 ns) ---   %223 = icmp slt i32 %..i.i18, -12288
(3.99 ns) --- (16.97 ns) ---   %...i.i19 = select i1 %223, i32 -12288, i32 %..i.i18
(2.40 ns) --- (19.37 ns) ---   %229 = sub nsw i32 15360, %...i.i19

-----------------Function: main---------------
-------------------------10---------------------------
-----------------Delay of path:19.37 ns---------------
-----------------State:LEGUP_F_main_BB_quantlexiti_73-----------------
(2.50 ns) --- (2.50 ns) ---   %149 = add nsw i32 %wd4.0.i9.i6, %146
(3.13 ns) --- (5.63 ns) ---   %150 = icmp sgt i32 %149, 12288
(3.99 ns) --- (9.62 ns) ---   %..i10.i7 = select i1 %150, i32 12288, i32 %149
(3.36 ns) --- (12.98 ns) ---   %151 = icmp slt i32 %..i10.i7, -12288
(3.99 ns) --- (16.97 ns) ---   %...i11.i8 = select i1 %151, i32 -12288, i32 %..i10.i7
(2.40 ns) --- (19.37 ns) ---   %157 = sub nsw i32 15360, %...i11.i8


