//----------------------------------------------------------------------------//
// Generated by LegUp High-Level Synthesis Tool Version 4.0 (http://legup.org)
// Compiled: Sun Jun 19 18:41:14 2016
// University of Toronto
// For research and academic purposes only. Commercial use is prohibited.
// Please send bugs to: legup@eecg.toronto.edu
// Date: Thu Dec  8 15:13:20 2016
//----------------------------------------------------------------------------//

-------------------------- Datapath Operation Usage --------------------------

Operation "unknown" x 31 
Operation "signed_add_32" x 8 
Operation "signed_comp_eq_32" x 6 
Operation "signed_comp_eq_mux_32" x 2 
Operation "signed_comp_gt_32" x 2 
Operation "signed_subtract_32" x 1 

----------------------------- General Information -----------------------------

Number of declared variables in main: 45
Critical path contains operation: signed_comp_eq_mux_32

------------------------------ Resource Estimate ------------------------------

Fmax: 250 MHz
Note: Assuming only 87 DSPs available
Warning: These estimates don't account for binding yet!
Logic Elements: 1169
    Combinational: 478
    Registers: 1192
DSP Elements: 0
