//----------------------------------------------------------------------------//
// Generated by LegUp High-Level Synthesis Tool Version 4.0 (http://legup.org)
// Compiled: Sun Jun 19 18:41:14 2016
// University of Toronto
// For research and academic purposes only. Commercial use is prohibited.
// Please send bugs to: legup@eecg.toronto.edu
// Date: Thu Dec  8 15:13:20 2016
//----------------------------------------------------------------------------//

-----------------Function: main---------------
-------------------------1---------------------------
-----------------Delay of path:7.12 ns---------------
-----------------State:LEGUP_F_main_BB__crit_edge9i_22-----------------
(3.13 ns) --- (3.13 ns) ---   %15 = icmp sgt i32 %12, %14
(3.99 ns) --- (7.12 ns) ---   %d.0.position.0.i = select i1 %15, i32 %13, i32 %d.0.position.0.i5

-----------------Function: main---------------
-------------------------2---------------------------
-----------------Delay of path:7.12 ns---------------
-----------------State:LEGUP_F_main_BB_lrphi_12-----------------
(3.13 ns) --- (3.13 ns) ---   %9 = icmp sgt i32 %.pre.i, %8
(3.99 ns) --- (7.12 ns) ---   %d.0.position.0.i3 = select i1 %9, i32 %6, i32 %3

-----------------Function: main---------------
-------------------------3---------------------------
-----------------Delay of path:4.99 ns---------------
-----------------State:LEGUP_F_main_BB__23_32-----------------
(0.00 ns) --- (0.00 ns) ---   %i.11 = phi i32 [ 0, %21 ], [ %26, %23 ]
(2.50 ns) --- (2.50 ns) ---   %26 = add nsw i32 %i.11, 1
(2.49 ns) --- (4.99 ns) ---   %exitcond1 = icmp eq i32 %26, 100
(0.00 ns) --- (4.99 ns) ---   br i1 %exitcond1, label %27, label %23

-----------------Function: main---------------
-------------------------4---------------------------
-----------------Delay of path:4.99 ns---------------
-----------------State:LEGUP_F_main_BB_sortexit_28-----------------
(0.00 ns) --- (0.00 ns) ---   %i.02 = phi i32 [ %20, %sort.exit ], [ 0, %sort.exit.preheader ]
(2.50 ns) --- (2.50 ns) ---   %20 = add nsw i32 %i.02, 1
(2.49 ns) --- (4.99 ns) ---   %exitcond = icmp eq i32 %20, 100
(0.00 ns) --- (4.99 ns) ---   br i1 %exitcond, label %21, label %sort.exit

-----------------Function: main---------------
-------------------------5---------------------------
-----------------Delay of path:4.99 ns---------------
-----------------State:LEGUP_F_main_BB__crit_edge9i_19-----------------
(0.00 ns) --- (0.00 ns) ---   %indvar = phi i32 [ 0, %._crit_edge9.i.preheader ], [ %indvar.next, %._crit_edge9.i ]
(2.50 ns) --- (2.50 ns) ---   %indvar.next = add i32 %indvar, 1
(2.49 ns) --- (4.99 ns) ---   %exitcond3 = icmp eq i32 %indvar.next, %5
(0.00 ns) --- (4.99 ns) ---   br i1 %exitcond3, label %.loopexit.i.loopexit, label %._crit_edge9.i

-----------------Function: main---------------
-------------------------6---------------------------
-----------------Delay of path:4.99 ns---------------
-----------------State:LEGUP_F_main_BB_lrphi_9-----------------
(0.00 ns) --- (0.00 ns) ---   %3 = phi i32 [ %7, %.loopexit.i ], [ 0, %.lr.ph.i.preheader ]
(2.50 ns) --- (2.50 ns) ---   %4 = add i32 %3, 2
(2.49 ns) --- (4.99 ns) ---   %exitcond.i4 = icmp eq i32 %4, 100
(0.00 ns) --- (4.99 ns) ---   br i1 %exitcond.i4, label %.loopexit.i, label %._crit_edge9.i.preheader

-----------------Function: main---------------
-------------------------7---------------------------
-----------------Delay of path:4.99 ns---------------
-----------------State:LEGUP_F_main_BB_lrph7i_1-----------------
(0.00 ns) --- (0.00 ns) ---   %i.05.i = phi i32 [ %2, %.lr.ph7.i ], [ 0, %0 ]
(2.50 ns) --- (2.50 ns) ---   %2 = add nsw i32 %i.05.i, 1
(2.49 ns) --- (4.99 ns) ---   %exitcond9 = icmp eq i32 %2, 100
(0.00 ns) --- (4.99 ns) ---   br i1 %exitcond9, label %.lr.ph.i.preheader, label %.lr.ph7.i

-----------------Function: main---------------
-------------------------8---------------------------
-----------------Delay of path:3.99 ns---------------
-----------------State:LEGUP_F_main_BB__crit_edge9i_22-----------------
(3.99 ns) --- (3.99 ns) ---   %d.0.position.0.i = select i1 %15, i32 %13, i32 %d.0.position.0.i5

-----------------Function: main---------------
-------------------------9---------------------------
-----------------Delay of path:3.99 ns---------------
-----------------State:LEGUP_F_main_BB_lrphi_12-----------------
(3.99 ns) --- (3.99 ns) ---   %d.0.position.0.i3 = select i1 %9, i32 %6, i32 %3

-----------------Function: main---------------
-------------------------10---------------------------
-----------------Delay of path:2.50 ns---------------
-----------------State:LEGUP_F_main_BB_lrphi_9-----------------
(0.00 ns) --- (0.00 ns) ---   %3 = phi i32 [ %7, %.loopexit.i ], [ 0, %.lr.ph.i.preheader ]
(2.50 ns) --- (2.50 ns) ---   %6 = add i32 %3, 1


