//----------------------------------------------------------------------------//
// Generated by LegUp High-Level Synthesis Tool Version 4.0 (http://legup.org)
// Compiled: Sun Jun 19 18:41:14 2016
// University of Toronto
// For research and academic purposes only. Commercial use is prohibited.
// Please send bugs to: legup@eecg.toronto.edu
// Date: Sat Sep  3 13:03:19 2016
//----------------------------------------------------------------------------//

-------------------------- Datapath Operation Usage --------------------------

Operation "unknown" x 17 
Operation "signed_add_32" x 6 
Operation "signed_comp_eq_32" x 2 
Operation "unsigned_divide_32" x 5 

----------------------------- General Information -----------------------------

Number of declared variables in main: 26
Critical path contains operation: unsigned_divide_32

------------------------------ Resource Estimate ------------------------------

Fmax: 13 MHz
Note: Assuming only 87 DSPs available
Warning: These estimates don't account for binding yet!
Logic Elements: 4707
    Combinational: 5955
    Registers: 770
DSP Elements: 0
