//----------------------------------------------------------------------------//
// Generated by LegUp High-Level Synthesis Tool Version 4.0 (http://legup.org)
// Compiled: Sun Jun 19 18:41:14 2016
// University of Toronto
// For research and academic purposes only. Commercial use is prohibited.
// Please send bugs to: legup@eecg.toronto.edu
// Date: Sat Sep  3 13:03:19 2016
//----------------------------------------------------------------------------//

Target Family: CycloneV
Clock period constraint: 2.000000e+01ns
Start Function: main
state: LEGUP_0
   br label %1
   Transition: if (start): LEGUP_F_main_BB__1_1 default: LEGUP_0
state: LEGUP_F_main_BB__1_1
   %2 = phi i32 [ 0, %0 ], [ %19, %1 ] (endState: LEGUP_F_main_BB__1_1)
   %sum.01 = phi i32 [ 0, %0 ], [ %18, %1 ] (endState: LEGUP_F_main_BB__1_1)
   %scevgep = getelementptr [10 x [5 x i32]]* @TEST_INPUTS, i32 0, i32 %2, i32 4 (endState: LEGUP_F_main_BB__1_1)
   %scevgep2 = getelementptr [10 x [5 x i32]]* @TEST_INPUTS, i32 0, i32 %2, i32 3 (endState: LEGUP_F_main_BB__1_1)
   %scevgep3 = getelementptr [10 x [5 x i32]]* @TEST_INPUTS, i32 0, i32 %2, i32 2 (endState: LEGUP_F_main_BB__1_1)
   %scevgep4 = getelementptr [10 x [5 x i32]]* @TEST_INPUTS, i32 0, i32 %2, i32 1 (endState: LEGUP_F_main_BB__1_1)
   %scevgep5 = getelementptr [10 x [5 x i32]]* @TEST_INPUTS, i32 0, i32 %2, i32 0 (endState: LEGUP_F_main_BB__1_1)
   tail call void @__legup_label(i8* getelementptr inbounds ([5 x i8]* @.str, i32 0, i32 0)) #2 (endState: LEGUP_F_main_BB__1_1)
   %3 = load volatile i32* %scevgep5, align 4, !tbaa !1 (endState: LEGUP_F_main_BB__1_3)
   %5 = load volatile i32* %scevgep4, align 4, !tbaa !1 (endState: LEGUP_F_main_BB__1_3)
   %19 = add nsw i32 %2, 1 (endState: LEGUP_F_main_BB__1_1)
   %exitcond1 = icmp eq i32 %19, 10 (endState: LEGUP_F_main_BB__1_1)
   Transition: default: LEGUP_F_main_BB__1_2
state: LEGUP_F_main_BB__1_2
   %8 = load volatile i32* %scevgep3, align 4, !tbaa !1 (endState: LEGUP_F_main_BB__1_4)
   %11 = load volatile i32* %scevgep2, align 4, !tbaa !1 (endState: LEGUP_F_main_BB__1_4)
   Transition: default: LEGUP_F_main_BB__1_3
state: LEGUP_F_main_BB__1_3
   %4 = udiv i32 %3, 23412 (endState: LEGUP_F_main_BB__1_36)
   %14 = load volatile i32* %scevgep, align 4, !tbaa !1 (endState: LEGUP_F_main_BB__1_5)
   Transition: default: LEGUP_F_main_BB__1_4
state: LEGUP_F_main_BB__1_4
   Transition: default: LEGUP_F_main_BB__1_5
state: LEGUP_F_main_BB__1_5
   Transition: default: LEGUP_F_main_BB__1_6
state: LEGUP_F_main_BB__1_6
   Transition: default: LEGUP_F_main_BB__1_7
state: LEGUP_F_main_BB__1_7
   Transition: default: LEGUP_F_main_BB__1_8
state: LEGUP_F_main_BB__1_8
   Transition: default: LEGUP_F_main_BB__1_9
state: LEGUP_F_main_BB__1_9
   Transition: default: LEGUP_F_main_BB__1_10
state: LEGUP_F_main_BB__1_10
   Transition: default: LEGUP_F_main_BB__1_11
state: LEGUP_F_main_BB__1_11
   Transition: default: LEGUP_F_main_BB__1_12
state: LEGUP_F_main_BB__1_12
   Transition: default: LEGUP_F_main_BB__1_13
state: LEGUP_F_main_BB__1_13
   Transition: default: LEGUP_F_main_BB__1_14
state: LEGUP_F_main_BB__1_14
   Transition: default: LEGUP_F_main_BB__1_15
state: LEGUP_F_main_BB__1_15
   Transition: default: LEGUP_F_main_BB__1_16
state: LEGUP_F_main_BB__1_16
   Transition: default: LEGUP_F_main_BB__1_17
state: LEGUP_F_main_BB__1_17
   Transition: default: LEGUP_F_main_BB__1_18
state: LEGUP_F_main_BB__1_18
   Transition: default: LEGUP_F_main_BB__1_19
state: LEGUP_F_main_BB__1_19
   Transition: default: LEGUP_F_main_BB__1_20
state: LEGUP_F_main_BB__1_20
   Transition: default: LEGUP_F_main_BB__1_21
state: LEGUP_F_main_BB__1_21
   Transition: default: LEGUP_F_main_BB__1_22
state: LEGUP_F_main_BB__1_22
   Transition: default: LEGUP_F_main_BB__1_23
state: LEGUP_F_main_BB__1_23
   Transition: default: LEGUP_F_main_BB__1_24
state: LEGUP_F_main_BB__1_24
   Transition: default: LEGUP_F_main_BB__1_25
state: LEGUP_F_main_BB__1_25
   Transition: default: LEGUP_F_main_BB__1_26
state: LEGUP_F_main_BB__1_26
   Transition: default: LEGUP_F_main_BB__1_27
state: LEGUP_F_main_BB__1_27
   Transition: default: LEGUP_F_main_BB__1_28
state: LEGUP_F_main_BB__1_28
   Transition: default: LEGUP_F_main_BB__1_29
state: LEGUP_F_main_BB__1_29
   Transition: default: LEGUP_F_main_BB__1_30
state: LEGUP_F_main_BB__1_30
   Transition: default: LEGUP_F_main_BB__1_31
state: LEGUP_F_main_BB__1_31
   Transition: default: LEGUP_F_main_BB__1_32
state: LEGUP_F_main_BB__1_32
   Transition: default: LEGUP_F_main_BB__1_33
state: LEGUP_F_main_BB__1_33
   Transition: default: LEGUP_F_main_BB__1_34
state: LEGUP_F_main_BB__1_34
   Transition: default: LEGUP_F_main_BB__1_35
state: LEGUP_F_main_BB__1_35
   Transition: default: LEGUP_F_main_BB__1_36
state: LEGUP_F_main_BB__1_36
   Transition: default: LEGUP_F_main_BB__1_37
state: LEGUP_F_main_BB__1_37
   %6 = udiv i32 %5, 45064 (endState: LEGUP_F_main_BB__1_70)
   Transition: default: LEGUP_F_main_BB__1_38
state: LEGUP_F_main_BB__1_38
   Transition: default: LEGUP_F_main_BB__1_39
state: LEGUP_F_main_BB__1_39
   Transition: default: LEGUP_F_main_BB__1_40
state: LEGUP_F_main_BB__1_40
   Transition: default: LEGUP_F_main_BB__1_41
state: LEGUP_F_main_BB__1_41
   Transition: default: LEGUP_F_main_BB__1_42
state: LEGUP_F_main_BB__1_42
   Transition: default: LEGUP_F_main_BB__1_43
state: LEGUP_F_main_BB__1_43
   Transition: default: LEGUP_F_main_BB__1_44
state: LEGUP_F_main_BB__1_44
   Transition: default: LEGUP_F_main_BB__1_45
state: LEGUP_F_main_BB__1_45
   Transition: default: LEGUP_F_main_BB__1_46
state: LEGUP_F_main_BB__1_46
   Transition: default: LEGUP_F_main_BB__1_47
state: LEGUP_F_main_BB__1_47
   Transition: default: LEGUP_F_main_BB__1_48
state: LEGUP_F_main_BB__1_48
   Transition: default: LEGUP_F_main_BB__1_49
state: LEGUP_F_main_BB__1_49
   Transition: default: LEGUP_F_main_BB__1_50
state: LEGUP_F_main_BB__1_50
   Transition: default: LEGUP_F_main_BB__1_51
state: LEGUP_F_main_BB__1_51
   Transition: default: LEGUP_F_main_BB__1_52
state: LEGUP_F_main_BB__1_52
   Transition: default: LEGUP_F_main_BB__1_53
state: LEGUP_F_main_BB__1_53
   Transition: default: LEGUP_F_main_BB__1_54
state: LEGUP_F_main_BB__1_54
   Transition: default: LEGUP_F_main_BB__1_55
state: LEGUP_F_main_BB__1_55
   Transition: default: LEGUP_F_main_BB__1_56
state: LEGUP_F_main_BB__1_56
   Transition: default: LEGUP_F_main_BB__1_57
state: LEGUP_F_main_BB__1_57
   Transition: default: LEGUP_F_main_BB__1_58
state: LEGUP_F_main_BB__1_58
   Transition: default: LEGUP_F_main_BB__1_59
state: LEGUP_F_main_BB__1_59
   Transition: default: LEGUP_F_main_BB__1_60
state: LEGUP_F_main_BB__1_60
   Transition: default: LEGUP_F_main_BB__1_61
state: LEGUP_F_main_BB__1_61
   Transition: default: LEGUP_F_main_BB__1_62
state: LEGUP_F_main_BB__1_62
   Transition: default: LEGUP_F_main_BB__1_63
state: LEGUP_F_main_BB__1_63
   Transition: default: LEGUP_F_main_BB__1_64
state: LEGUP_F_main_BB__1_64
   Transition: default: LEGUP_F_main_BB__1_65
state: LEGUP_F_main_BB__1_65
   Transition: default: LEGUP_F_main_BB__1_66
state: LEGUP_F_main_BB__1_66
   Transition: default: LEGUP_F_main_BB__1_67
state: LEGUP_F_main_BB__1_67
   Transition: default: LEGUP_F_main_BB__1_68
state: LEGUP_F_main_BB__1_68
   Transition: default: LEGUP_F_main_BB__1_69
state: LEGUP_F_main_BB__1_69
   Transition: default: LEGUP_F_main_BB__1_70
state: LEGUP_F_main_BB__1_70
   %7 = add nuw nsw i32 %6, %4 (endState: LEGUP_F_main_BB__1_70)
   Transition: default: LEGUP_F_main_BB__1_71
state: LEGUP_F_main_BB__1_71
   %9 = udiv i32 %8, 2141 (endState: LEGUP_F_main_BB__1_104)
   Transition: default: LEGUP_F_main_BB__1_72
state: LEGUP_F_main_BB__1_72
   Transition: default: LEGUP_F_main_BB__1_73
state: LEGUP_F_main_BB__1_73
   Transition: default: LEGUP_F_main_BB__1_74
state: LEGUP_F_main_BB__1_74
   Transition: default: LEGUP_F_main_BB__1_75
state: LEGUP_F_main_BB__1_75
   Transition: default: LEGUP_F_main_BB__1_76
state: LEGUP_F_main_BB__1_76
   Transition: default: LEGUP_F_main_BB__1_77
state: LEGUP_F_main_BB__1_77
   Transition: default: LEGUP_F_main_BB__1_78
state: LEGUP_F_main_BB__1_78
   Transition: default: LEGUP_F_main_BB__1_79
state: LEGUP_F_main_BB__1_79
   Transition: default: LEGUP_F_main_BB__1_80
state: LEGUP_F_main_BB__1_80
   Transition: default: LEGUP_F_main_BB__1_81
state: LEGUP_F_main_BB__1_81
   Transition: default: LEGUP_F_main_BB__1_82
state: LEGUP_F_main_BB__1_82
   Transition: default: LEGUP_F_main_BB__1_83
state: LEGUP_F_main_BB__1_83
   Transition: default: LEGUP_F_main_BB__1_84
state: LEGUP_F_main_BB__1_84
   Transition: default: LEGUP_F_main_BB__1_85
state: LEGUP_F_main_BB__1_85
   Transition: default: LEGUP_F_main_BB__1_86
state: LEGUP_F_main_BB__1_86
   Transition: default: LEGUP_F_main_BB__1_87
state: LEGUP_F_main_BB__1_87
   Transition: default: LEGUP_F_main_BB__1_88
state: LEGUP_F_main_BB__1_88
   Transition: default: LEGUP_F_main_BB__1_89
state: LEGUP_F_main_BB__1_89
   Transition: default: LEGUP_F_main_BB__1_90
state: LEGUP_F_main_BB__1_90
   Transition: default: LEGUP_F_main_BB__1_91
state: LEGUP_F_main_BB__1_91
   Transition: default: LEGUP_F_main_BB__1_92
state: LEGUP_F_main_BB__1_92
   Transition: default: LEGUP_F_main_BB__1_93
state: LEGUP_F_main_BB__1_93
   Transition: default: LEGUP_F_main_BB__1_94
state: LEGUP_F_main_BB__1_94
   Transition: default: LEGUP_F_main_BB__1_95
state: LEGUP_F_main_BB__1_95
   Transition: default: LEGUP_F_main_BB__1_96
state: LEGUP_F_main_BB__1_96
   Transition: default: LEGUP_F_main_BB__1_97
state: LEGUP_F_main_BB__1_97
   Transition: default: LEGUP_F_main_BB__1_98
state: LEGUP_F_main_BB__1_98
   Transition: default: LEGUP_F_main_BB__1_99
state: LEGUP_F_main_BB__1_99
   Transition: default: LEGUP_F_main_BB__1_100
state: LEGUP_F_main_BB__1_100
   Transition: default: LEGUP_F_main_BB__1_101
state: LEGUP_F_main_BB__1_101
   Transition: default: LEGUP_F_main_BB__1_102
state: LEGUP_F_main_BB__1_102
   Transition: default: LEGUP_F_main_BB__1_103
state: LEGUP_F_main_BB__1_103
   Transition: default: LEGUP_F_main_BB__1_104
state: LEGUP_F_main_BB__1_104
   %10 = add nuw nsw i32 %7, %9 (endState: LEGUP_F_main_BB__1_104)
   Transition: default: LEGUP_F_main_BB__1_105
state: LEGUP_F_main_BB__1_105
   %12 = udiv i32 %11, 3262 (endState: LEGUP_F_main_BB__1_138)
   Transition: default: LEGUP_F_main_BB__1_106
state: LEGUP_F_main_BB__1_106
   Transition: default: LEGUP_F_main_BB__1_107
state: LEGUP_F_main_BB__1_107
   Transition: default: LEGUP_F_main_BB__1_108
state: LEGUP_F_main_BB__1_108
   Transition: default: LEGUP_F_main_BB__1_109
state: LEGUP_F_main_BB__1_109
   Transition: default: LEGUP_F_main_BB__1_110
state: LEGUP_F_main_BB__1_110
   Transition: default: LEGUP_F_main_BB__1_111
state: LEGUP_F_main_BB__1_111
   Transition: default: LEGUP_F_main_BB__1_112
state: LEGUP_F_main_BB__1_112
   Transition: default: LEGUP_F_main_BB__1_113
state: LEGUP_F_main_BB__1_113
   Transition: default: LEGUP_F_main_BB__1_114
state: LEGUP_F_main_BB__1_114
   Transition: default: LEGUP_F_main_BB__1_115
state: LEGUP_F_main_BB__1_115
   Transition: default: LEGUP_F_main_BB__1_116
state: LEGUP_F_main_BB__1_116
   Transition: default: LEGUP_F_main_BB__1_117
state: LEGUP_F_main_BB__1_117
   Transition: default: LEGUP_F_main_BB__1_118
state: LEGUP_F_main_BB__1_118
   Transition: default: LEGUP_F_main_BB__1_119
state: LEGUP_F_main_BB__1_119
   Transition: default: LEGUP_F_main_BB__1_120
state: LEGUP_F_main_BB__1_120
   Transition: default: LEGUP_F_main_BB__1_121
state: LEGUP_F_main_BB__1_121
   Transition: default: LEGUP_F_main_BB__1_122
state: LEGUP_F_main_BB__1_122
   Transition: default: LEGUP_F_main_BB__1_123
state: LEGUP_F_main_BB__1_123
   Transition: default: LEGUP_F_main_BB__1_124
state: LEGUP_F_main_BB__1_124
   Transition: default: LEGUP_F_main_BB__1_125
state: LEGUP_F_main_BB__1_125
   Transition: default: LEGUP_F_main_BB__1_126
state: LEGUP_F_main_BB__1_126
   Transition: default: LEGUP_F_main_BB__1_127
state: LEGUP_F_main_BB__1_127
   Transition: default: LEGUP_F_main_BB__1_128
state: LEGUP_F_main_BB__1_128
   Transition: default: LEGUP_F_main_BB__1_129
state: LEGUP_F_main_BB__1_129
   Transition: default: LEGUP_F_main_BB__1_130
state: LEGUP_F_main_BB__1_130
   Transition: default: LEGUP_F_main_BB__1_131
state: LEGUP_F_main_BB__1_131
   Transition: default: LEGUP_F_main_BB__1_132
state: LEGUP_F_main_BB__1_132
   Transition: default: LEGUP_F_main_BB__1_133
state: LEGUP_F_main_BB__1_133
   Transition: default: LEGUP_F_main_BB__1_134
state: LEGUP_F_main_BB__1_134
   Transition: default: LEGUP_F_main_BB__1_135
state: LEGUP_F_main_BB__1_135
   Transition: default: LEGUP_F_main_BB__1_136
state: LEGUP_F_main_BB__1_136
   Transition: default: LEGUP_F_main_BB__1_137
state: LEGUP_F_main_BB__1_137
   Transition: default: LEGUP_F_main_BB__1_138
state: LEGUP_F_main_BB__1_138
   %13 = add nuw nsw i32 %10, %12 (endState: LEGUP_F_main_BB__1_138)
   Transition: default: LEGUP_F_main_BB__1_139
state: LEGUP_F_main_BB__1_139
   %15 = udiv i32 %14, 3141 (endState: LEGUP_F_main_BB__1_172)
   Transition: default: LEGUP_F_main_BB__1_140
state: LEGUP_F_main_BB__1_140
   Transition: default: LEGUP_F_main_BB__1_141
state: LEGUP_F_main_BB__1_141
   Transition: default: LEGUP_F_main_BB__1_142
state: LEGUP_F_main_BB__1_142
   Transition: default: LEGUP_F_main_BB__1_143
state: LEGUP_F_main_BB__1_143
   Transition: default: LEGUP_F_main_BB__1_144
state: LEGUP_F_main_BB__1_144
   Transition: default: LEGUP_F_main_BB__1_145
state: LEGUP_F_main_BB__1_145
   Transition: default: LEGUP_F_main_BB__1_146
state: LEGUP_F_main_BB__1_146
   Transition: default: LEGUP_F_main_BB__1_147
state: LEGUP_F_main_BB__1_147
   Transition: default: LEGUP_F_main_BB__1_148
state: LEGUP_F_main_BB__1_148
   Transition: default: LEGUP_F_main_BB__1_149
state: LEGUP_F_main_BB__1_149
   Transition: default: LEGUP_F_main_BB__1_150
state: LEGUP_F_main_BB__1_150
   Transition: default: LEGUP_F_main_BB__1_151
state: LEGUP_F_main_BB__1_151
   Transition: default: LEGUP_F_main_BB__1_152
state: LEGUP_F_main_BB__1_152
   Transition: default: LEGUP_F_main_BB__1_153
state: LEGUP_F_main_BB__1_153
   Transition: default: LEGUP_F_main_BB__1_154
state: LEGUP_F_main_BB__1_154
   Transition: default: LEGUP_F_main_BB__1_155
state: LEGUP_F_main_BB__1_155
   Transition: default: LEGUP_F_main_BB__1_156
state: LEGUP_F_main_BB__1_156
   Transition: default: LEGUP_F_main_BB__1_157
state: LEGUP_F_main_BB__1_157
   Transition: default: LEGUP_F_main_BB__1_158
state: LEGUP_F_main_BB__1_158
   Transition: default: LEGUP_F_main_BB__1_159
state: LEGUP_F_main_BB__1_159
   Transition: default: LEGUP_F_main_BB__1_160
state: LEGUP_F_main_BB__1_160
   Transition: default: LEGUP_F_main_BB__1_161
state: LEGUP_F_main_BB__1_161
   Transition: default: LEGUP_F_main_BB__1_162
state: LEGUP_F_main_BB__1_162
   Transition: default: LEGUP_F_main_BB__1_163
state: LEGUP_F_main_BB__1_163
   Transition: default: LEGUP_F_main_BB__1_164
state: LEGUP_F_main_BB__1_164
   Transition: default: LEGUP_F_main_BB__1_165
state: LEGUP_F_main_BB__1_165
   Transition: default: LEGUP_F_main_BB__1_166
state: LEGUP_F_main_BB__1_166
   Transition: default: LEGUP_F_main_BB__1_167
state: LEGUP_F_main_BB__1_167
   Transition: default: LEGUP_F_main_BB__1_168
state: LEGUP_F_main_BB__1_168
   Transition: default: LEGUP_F_main_BB__1_169
state: LEGUP_F_main_BB__1_169
   Transition: default: LEGUP_F_main_BB__1_170
state: LEGUP_F_main_BB__1_170
   Transition: default: LEGUP_F_main_BB__1_171
state: LEGUP_F_main_BB__1_171
   Transition: default: LEGUP_F_main_BB__1_172
state: LEGUP_F_main_BB__1_172
   %16 = add nuw nsw i32 %13, %15 (endState: LEGUP_F_main_BB__1_172)
   %17 = tail call i32 (i8*, ...)* @printf(i8* getelementptr inbounds ([15 x i8]* @.str1, i32 0, i32 0), i32 %2, i32 %16) #2 (endState: LEGUP_F_main_BB__1_172)
   %18 = add i32 %16, %sum.01 (endState: LEGUP_F_main_BB__1_172)
   br i1 %exitcond1, label %20, label %1
   Transition: if (%exitcond1): LEGUP_F_main_BB__20_173 default: LEGUP_F_main_BB__1_1
state: LEGUP_F_main_BB__20_173
   %21 = tail call i32 (i8*, ...)* @printf(i8* getelementptr inbounds ([9 x i8]* @.str2, i32 0, i32 0), i32 %18) #2 (endState: LEGUP_F_main_BB__20_173)
   %22 = icmp eq i32 %18, 577 (endState: LEGUP_F_main_BB__20_173)
   br i1 %22, label %23, label %25
   Transition: if (%22): LEGUP_F_main_BB__23_174 default: LEGUP_F_main_BB__25_175
state: LEGUP_F_main_BB__23_174
   %24 = tail call i32 (i8*, ...)* @printf(i8* getelementptr inbounds ([14 x i8]* @.str3, i32 0, i32 0)) #2 (endState: LEGUP_F_main_BB__23_174)
   br label %27
   Transition: default: LEGUP_F_main_BB__27_176
state: LEGUP_F_main_BB__25_175
   %26 = tail call i32 (i8*, ...)* @printf(i8* getelementptr inbounds ([14 x i8]* @.str4, i32 0, i32 0)) #2 (endState: LEGUP_F_main_BB__25_175)
   br label %27
   Transition: default: LEGUP_F_main_BB__27_176
state: LEGUP_F_main_BB__27_176
   ret i32 %18
   Transition: default: LEGUP_0

Basic Block: %0 Num States: 1
Basic Block: %1 Num States: 172
Basic Block: %20 Num States: 1
Basic Block: %23 Num States: 1
Basic Block: %25 Num States: 1
Basic Block: %27 Num States: 1
End Function: main
--------------------------------------------------------------------------------

