//----------------------------------------------------------------------------//
// Generated by LegUp High-Level Synthesis Tool Version 4.0 (http://legup.org)
// Compiled: Sun Jun 19 18:41:14 2016
// University of Toronto
// For research and academic purposes only. Commercial use is prohibited.
// Please send bugs to: legup@eecg.toronto.edu
// Date: Sat Sep  3 13:03:19 2016
//----------------------------------------------------------------------------//

-----------------Function: main---------------
-------------------------1---------------------------
-----------------Delay of path:20.00 ns---------------
-----------------State:LEGUP_F_main_BB__1_139-----------------
(20.00 ns) --- (20.00 ns) ---   %15 = udiv i32 %14, 3141

-----------------Function: main---------------
-------------------------2---------------------------
-----------------Delay of path:20.00 ns---------------
-----------------State:LEGUP_F_main_BB__1_105-----------------
(20.00 ns) --- (20.00 ns) ---   %12 = udiv i32 %11, 3262

-----------------Function: main---------------
-------------------------3---------------------------
-----------------Delay of path:20.00 ns---------------
-----------------State:LEGUP_F_main_BB__1_71-----------------
(20.00 ns) --- (20.00 ns) ---   %9 = udiv i32 %8, 2141

-----------------Function: main---------------
-------------------------4---------------------------
-----------------Delay of path:20.00 ns---------------
-----------------State:LEGUP_F_main_BB__1_37-----------------
(20.00 ns) --- (20.00 ns) ---   %6 = udiv i32 %5, 45064

-----------------Function: main---------------
-------------------------5---------------------------
-----------------Delay of path:20.00 ns---------------
-----------------State:LEGUP_F_main_BB__1_3-----------------
(20.00 ns) --- (20.00 ns) ---   %4 = udiv i32 %3, 23412

-----------------Function: main---------------
-------------------------6---------------------------
-----------------Delay of path:4.99 ns---------------
-----------------State:LEGUP_F_main_BB__1_172-----------------
(2.50 ns) --- (2.50 ns) ---   %16 = add nuw nsw i32 %13, %15
(2.50 ns) --- (4.99 ns) ---   %18 = add i32 %16, %sum.01

-----------------Function: main---------------
-------------------------7---------------------------
-----------------Delay of path:4.99 ns---------------
-----------------State:LEGUP_F_main_BB__1_1-----------------
(0.00 ns) --- (0.00 ns) ---   %2 = phi i32 [ 0, %0 ], [ %19, %1 ]
(2.50 ns) --- (2.50 ns) ---   %19 = add nsw i32 %2, 1
(2.49 ns) --- (4.99 ns) ---   %exitcond1 = icmp eq i32 %19, 10
(0.00 ns) --- (4.99 ns) ---   br i1 %exitcond1, label %20, label %1

-----------------Function: main---------------
-------------------------8---------------------------
-----------------Delay of path:2.50 ns---------------
-----------------State:LEGUP_F_main_BB__1_138-----------------
(2.50 ns) --- (2.50 ns) ---   %13 = add nuw nsw i32 %10, %12

-----------------Function: main---------------
-------------------------9---------------------------
-----------------Delay of path:2.50 ns---------------
-----------------State:LEGUP_F_main_BB__1_104-----------------
(2.50 ns) --- (2.50 ns) ---   %10 = add nuw nsw i32 %7, %9

-----------------Function: main---------------
-------------------------10---------------------------
-----------------Delay of path:2.50 ns---------------
-----------------State:LEGUP_F_main_BB__1_70-----------------
(2.50 ns) --- (2.50 ns) ---   %7 = add nuw nsw i32 %6, %4


