
====== START ORIO ======

----- begin reading the source file: dividerAnnotated.c -----
----- finished reading the source file -----

----- begin parsing annotations -----
----- finished parsing annotations -----

----- begin optimizations -----
Search_Space         = 4.000e+01
Number_of_Parameters = 02
Numeric_Parameters   = 02
Binary_Parameters    = 00
['UF', 'CFLAGS']
[[1, 2, 3, 4, 5, 6, 7, 8, 9, 10], ['-O0', '-O1', '-O2', '-O3']]

----- begin empirical tuning for problem size -----
 N = 10000

----- begin random search -----
Code stats:
        Number of loops: 	1
        Max loop nest depth: 	1
        Additions: 		7
        Multiplications: 	0
        Divisions: 		5
        Logical: 		0
        Reads: 			19
        Writes: 		4
        Comparisons:		1
        Gotos: 			0
        
 building the original code:
	gcc  -DORIO_REPS=5 -DORIGINAL -o __orio_perftest_original.exe __orio_perftest1.c timer_cpu.o 
 building test:
	gcc  -DORIO_REPS=5 -o __orio_perftest1.exe __orio_perftest1.c timer_cpu.o 
 running test:
	 ./__orio_perftest1.exe  
(run 1) | {"compile_time": 0.05476808547973633, "run": 1, "cost": [9.1e-07, 5.07e-07, 3.7e-07, 3.18e-07, 3.13e-07], "coordinate": [0, 0], "perf_params": {"UF": 1, "CFLAGS": "-O0"}, "transform_time": 0.06777191162109375}
>>>> best coordinate found: [0, 0], cost: 4.836000e-07
Code stats:
        Number of loops: 	2
        Max loop nest depth: 	1
        Additions: 		57
        Multiplications: 	25
        Divisions: 		5
        Logical: 		0
        Reads: 			96
        Writes: 		16
        Comparisons:		2
        Gotos: 			0
        
 building test:
	gcc  -DORIO_REPS=5 -o __orio_perftest2.exe __orio_perftest2.c timer_cpu.o 
 running test:
	 ./__orio_perftest2.exe  
(run 2) | {"compile_time": 0.08147001266479492, "run": 2, "cost": [8.83e-07, 2.42e-07, 2.12e-07, 2.11e-07, 2.13e-07], "coordinate": [4, 1], "perf_params": {"UF": 5, "CFLAGS": "-O1"}, "transform_time": 0.07921910285949707}
>>>> best coordinate found: [4, 1], cost: 3.522000e-07
Code stats:
        Number of loops: 	2
        Max loop nest depth: 	1
        Additions: 		77
        Multiplications: 	35
        Divisions: 		5
        Logical: 		0
        Reads: 			124
        Writes: 		20
        Comparisons:		2
        Gotos: 			0
        
 building test:
	gcc  -DORIO_REPS=5 -o __orio_perftest3.exe __orio_perftest3.c timer_cpu.o 
 running test:
	 ./__orio_perftest3.exe  
(run 3) | {"compile_time": 0.06199789047241211, "run": 3, "cost": [1.083e-06, 3.64e-07, 2.21e-07, 2.18e-07, 2.2e-07], "coordinate": [6, 1], "perf_params": {"UF": 7, "CFLAGS": "-O1"}, "transform_time": 0.08439111709594727}
Code stats:
        Number of loops: 	2
        Max loop nest depth: 	1
        Additions: 		87
        Multiplications: 	40
        Divisions: 		5
        Logical: 		0
        Reads: 			138
        Writes: 		22
        Comparisons:		2
        Gotos: 			0
        
 building test:
	gcc  -DORIO_REPS=5 -o __orio_perftest4.exe __orio_perftest4.c timer_cpu.o 
 running test:
	 ./__orio_perftest4.exe  
(run 4) | {"compile_time": 0.06464004516601562, "run": 4, "cost": [2.227e-06, 5.08e-07, 2.83e-07, 2.84e-07, 3.27e-07], "coordinate": [7, 0], "perf_params": {"UF": 8, "CFLAGS": "-O0"}, "transform_time": 0.08263301849365234}
Code stats:
        Number of loops: 	2
        Max loop nest depth: 	1
        Additions: 		67
        Multiplications: 	30
        Divisions: 		5
        Logical: 		0
        Reads: 			110
        Writes: 		18
        Comparisons:		2
        Gotos: 			0
        
 building test:
	gcc  -DORIO_REPS=5 -o __orio_perftest5.exe __orio_perftest5.c timer_cpu.o 
 running test:
	 ./__orio_perftest5.exe  
(run 5) | {"compile_time": 0.06000709533691406, "run": 5, "cost": [9.98e-07, 3.78e-07, 2.23e-07, 2.17e-07, 2.17e-07], "coordinate": [5, 3], "perf_params": {"UF": 6, "CFLAGS": "-O3"}, "transform_time": 0.07660984992980957}
Code stats:
        Number of loops: 	1
        Max loop nest depth: 	1
        Additions: 		7
        Multiplications: 	0
        Divisions: 		5
        Logical: 		0
        Reads: 			19
        Writes: 		4
        Comparisons:		1
        Gotos: 			0
        
 building test:
	gcc  -DORIO_REPS=5 -o __orio_perftest6.exe __orio_perftest6.c timer_cpu.o 
 running test:
	 ./__orio_perftest6.exe  
(run 6) | {"compile_time": 0.05484294891357422, "run": 6, "cost": [6.98e-07, 2.85e-07, 2.57e-07, 2.54e-07, 2.34e-07], "coordinate": [0, 2], "perf_params": {"UF": 1, "CFLAGS": "-O2"}, "transform_time": 0.06860589981079102}
>>>> best coordinate found: [0, 2], cost: 3.456000e-07
Code stats:
        Number of loops: 	2
        Max loop nest depth: 	1
        Additions: 		77
        Multiplications: 	35
        Divisions: 		5
        Logical: 		0
        Reads: 			124
        Writes: 		20
        Comparisons:		2
        Gotos: 			0
        
 building test:
	gcc  -DORIO_REPS=5 -o __orio_perftest7.exe __orio_perftest7.c timer_cpu.o 
 running test:
	 ./__orio_perftest7.exe  
(run 7) | {"compile_time": 0.0641319751739502, "run": 7, "cost": [1.15e-06, 3.29e-07, 2.24e-07, 2.26e-07, 2.24e-07], "coordinate": [6, 0], "perf_params": {"UF": 7, "CFLAGS": "-O0"}, "transform_time": 0.09840798377990723}
Code stats:
        Number of loops: 	2
        Max loop nest depth: 	1
        Additions: 		107
        Multiplications: 	50
        Divisions: 		5
        Logical: 		0
        Reads: 			166
        Writes: 		26
        Comparisons:		2
        Gotos: 			0
        
 building test:
	gcc  -DORIO_REPS=5 -o __orio_perftest8.exe __orio_perftest8.c timer_cpu.o 
 running test:
	 ./__orio_perftest8.exe  
(run 8) | {"compile_time": 0.06315302848815918, "run": 8, "cost": [9.71e-07, 3.66e-07, 2.16e-07, 2.16e-07, 2.14e-07], "coordinate": [9, 1], "perf_params": {"UF": 10, "CFLAGS": "-O1"}, "transform_time": 0.09024405479431152}
Code stats:
        Number of loops: 	2
        Max loop nest depth: 	1
        Additions: 		97
        Multiplications: 	45
        Divisions: 		5
        Logical: 		0
        Reads: 			152
        Writes: 		24
        Comparisons:		2
        Gotos: 			0
        
 building test:
	gcc  -DORIO_REPS=5 -o __orio_perftest9.exe __orio_perftest9.c timer_cpu.o 
 running test:
	 ./__orio_perftest9.exe  
(run 9) | {"compile_time": 0.06397294998168945, "run": 9, "cost": [9.66e-07, 3.28e-07, 2.11e-07, 2.11e-07, 2.28e-07], "coordinate": [8, 0], "perf_params": {"UF": 9, "CFLAGS": "-O0"}, "transform_time": 0.07960391044616699}
Code stats:
        Number of loops: 	2
        Max loop nest depth: 	1
        Additions: 		27
        Multiplications: 	10
        Divisions: 		5
        Logical: 		0
        Reads: 			54
        Writes: 		10
        Comparisons:		2
        Gotos: 			0
        
 building test:
	gcc  -DORIO_REPS=5 -o __orio_perftest10.exe __orio_perftest10.c timer_cpu.o 
 running test:
	 ./__orio_perftest10.exe  
(run 10) | {"compile_time": 0.05951380729675293, "run": 10, "cost": [7.53e-07, 3.3e-07, 2.48e-07, 2.37e-07, 2.37e-07], "coordinate": [1, 1], "perf_params": {"UF": 2, "CFLAGS": "-O1"}, "transform_time": 0.07507705688476562}
Code stats:
        Number of loops: 	2
        Max loop nest depth: 	1
        Additions: 		47
        Multiplications: 	20
        Divisions: 		5
        Logical: 		0
        Reads: 			82
        Writes: 		14
        Comparisons:		2
        Gotos: 			0
        
 building test:
	gcc  -DORIO_REPS=5 -o __orio_perftest11.exe __orio_perftest11.c timer_cpu.o 
 running test:
	 ./__orio_perftest11.exe  
(run 11) | {"compile_time": 0.05804896354675293, "run": 11, "cost": [9.54e-07, 3.09e-07, 2.15e-07, 2.12e-07, 2.14e-07], "coordinate": [3, 3], "perf_params": {"UF": 4, "CFLAGS": "-O3"}, "transform_time": 0.08124780654907227}
Code stats:
        Number of loops: 	2
        Max loop nest depth: 	1
        Additions: 		37
        Multiplications: 	15
        Divisions: 		5
        Logical: 		0
        Reads: 			68
        Writes: 		12
        Comparisons:		2
        Gotos: 			0
        
 building test:
	gcc  -DORIO_REPS=5 -o __orio_perftest12.exe __orio_perftest12.c timer_cpu.o 
 running test:
	 ./__orio_perftest12.exe  
(run 12) | {"compile_time": 0.05907797813415527, "run": 12, "cost": [1.946e-06, 7.76e-07, 2.29e-07, 2.31e-07, 2.29e-07], "coordinate": [2, 2], "perf_params": {"UF": 3, "CFLAGS": "-O2"}, "transform_time": 0.08053207397460938}
Code stats:
        Number of loops: 	2
        Max loop nest depth: 	1
        Additions: 		47
        Multiplications: 	20
        Divisions: 		5
        Logical: 		0
        Reads: 			82
        Writes: 		14
        Comparisons:		2
        Gotos: 			0
        
 building test:
	gcc  -DORIO_REPS=5 -o __orio_perftest13.exe __orio_perftest13.c timer_cpu.o 
 running test:
	 ./__orio_perftest13.exe  
(run 13) | {"compile_time": 0.06765222549438477, "run": 13, "cost": [9.51e-07, 3.44e-07, 2.22e-07, 2.24e-07, 2.2e-07], "coordinate": [3, 0], "perf_params": {"UF": 4, "CFLAGS": "-O0"}, "transform_time": 0.08180117607116699}
Code stats:
        Number of loops: 	2
        Max loop nest depth: 	1
        Additions: 		87
        Multiplications: 	40
        Divisions: 		5
        Logical: 		0
        Reads: 			138
        Writes: 		22
        Comparisons:		2
        Gotos: 			0
        
 building test:
	gcc  -DORIO_REPS=5 -o __orio_perftest14.exe __orio_perftest14.c timer_cpu.o 
 running test:
	 ./__orio_perftest14.exe  
(run 14) | {"compile_time": 0.06385993957519531, "run": 14, "cost": [1.074e-06, 3.15e-07, 2.11e-07, 2.12e-07, 2.11e-07], "coordinate": [7, 2], "perf_params": {"UF": 8, "CFLAGS": "-O2"}, "transform_time": 0.10384702682495117}
Code stats:
        Number of loops: 	2
        Max loop nest depth: 	1
        Additions: 		57
        Multiplications: 	25
        Divisions: 		5
        Logical: 		0
        Reads: 			96
        Writes: 		16
        Comparisons:		2
        Gotos: 			0
        
 building test:
	gcc  -DORIO_REPS=5 -o __orio_perftest15.exe __orio_perftest15.c timer_cpu.o 
 running test:
	 ./__orio_perftest15.exe  
(run 15) | {"compile_time": 0.058075904846191406, "run": 15, "cost": [1.025e-06, 2.92e-07, 2.25e-07, 2.23e-07, 2.18e-07], "coordinate": [4, 2], "perf_params": {"UF": 5, "CFLAGS": "-O2"}, "transform_time": 0.0758979320526123}
Code stats:
        Number of loops: 	2
        Max loop nest depth: 	1
        Additions: 		97
        Multiplications: 	45
        Divisions: 		5
        Logical: 		0
        Reads: 			152
        Writes: 		24
        Comparisons:		2
        Gotos: 			0
        
 building test:
	gcc  -DORIO_REPS=5 -o __orio_perftest16.exe __orio_perftest16.c timer_cpu.o 
 running test:
	 ./__orio_perftest16.exe  
(run 16) | {"compile_time": 0.057977914810180664, "run": 16, "cost": [1.73e-06, 7.23e-07, 3.42e-07, 3.36e-07, 4.43e-07], "coordinate": [8, 3], "perf_params": {"UF": 9, "CFLAGS": "-O3"}, "transform_time": 0.08440804481506348}
Code stats:
        Number of loops: 	2
        Max loop nest depth: 	1
        Additions: 		97
        Multiplications: 	45
        Divisions: 		5
        Logical: 		0
        Reads: 			152
        Writes: 		24
        Comparisons:		2
        Gotos: 			0
        
 building test:
	gcc  -DORIO_REPS=5 -o __orio_perftest17.exe __orio_perftest17.c timer_cpu.o 
 running test:
	 ./__orio_perftest17.exe  
(run 17) | {"compile_time": 0.05971503257751465, "run": 17, "cost": [1.614e-06, 5.7e-07, 2.16e-07, 2.17e-07, 2.14e-07], "coordinate": [8, 1], "perf_params": {"UF": 9, "CFLAGS": "-O1"}, "transform_time": 0.09357595443725586}
Code stats:
        Number of loops: 	2
        Max loop nest depth: 	1
        Additions: 		67
        Multiplications: 	30
        Divisions: 		5
        Logical: 		0
        Reads: 			110
        Writes: 		18
        Comparisons:		2
        Gotos: 			0
        
 building test:
	gcc  -DORIO_REPS=5 -o __orio_perftest18.exe __orio_perftest18.c timer_cpu.o 
 running test:
	 ./__orio_perftest18.exe  
(run 18) | {"compile_time": 0.06375408172607422, "run": 18, "cost": [1.189e-06, 2.97e-07, 2.32e-07, 2.32e-07, 2.29e-07], "coordinate": [5, 2], "perf_params": {"UF": 6, "CFLAGS": "-O2"}, "transform_time": 0.0868070125579834}
Code stats:
        Number of loops: 	1
        Max loop nest depth: 	1
        Additions: 		7
        Multiplications: 	0
        Divisions: 		5
        Logical: 		0
        Reads: 			19
        Writes: 		4
        Comparisons:		1
        Gotos: 			0
        
 building test:
	gcc  -DORIO_REPS=5 -o __orio_perftest19.exe __orio_perftest19.c timer_cpu.o 
 running test:
	 ./__orio_perftest19.exe  
(run 19) | {"compile_time": 0.06138801574707031, "run": 19, "cost": [1.156e-06, 5.96e-07, 4.12e-07, 3.31e-07, 3.61e-07], "coordinate": [0, 1], "perf_params": {"UF": 1, "CFLAGS": "-O1"}, "transform_time": 0.07169198989868164}
Code stats:
        Number of loops: 	2
        Max loop nest depth: 	1
        Additions: 		77
        Multiplications: 	35
        Divisions: 		5
        Logical: 		0
        Reads: 			124
        Writes: 		20
        Comparisons:		2
        Gotos: 			0
        
 building test:
	gcc  -DORIO_REPS=5 -o __orio_perftest20.exe __orio_perftest20.c timer_cpu.o 
 running test:
	 ./__orio_perftest20.exe  
(run 20) | {"compile_time": 0.05983996391296387, "run": 20, "cost": [1.724e-06, 5.87e-07, 3.4e-07, 3.31e-07, 3.03e-07], "coordinate": [6, 2], "perf_params": {"UF": 7, "CFLAGS": "-O2"}, "transform_time": 0.0957939624786377}
Code stats:
        Number of loops: 	2
        Max loop nest depth: 	1
        Additions: 		87
        Multiplications: 	40
        Divisions: 		5
        Logical: 		0
        Reads: 			138
        Writes: 		22
        Comparisons:		2
        Gotos: 			0
        
 building test:
	gcc  -DORIO_REPS=5 -o __orio_perftest21.exe __orio_perftest21.c timer_cpu.o 
 running test:
	 ./__orio_perftest21.exe  
(run 21) | {"compile_time": 0.06050419807434082, "run": 21, "cost": [1.038e-06, 2.47e-07, 2.15e-07, 2.13e-07, 2.14e-07], "coordinate": [7, 1], "perf_params": {"UF": 8, "CFLAGS": "-O1"}, "transform_time": 0.07712817192077637}
Code stats:
        Number of loops: 	2
        Max loop nest depth: 	1
        Additions: 		67
        Multiplications: 	30
        Divisions: 		5
        Logical: 		0
        Reads: 			110
        Writes: 		18
        Comparisons:		2
        Gotos: 			0
        
 building test:
	gcc  -DORIO_REPS=5 -o __orio_perftest22.exe __orio_perftest22.c timer_cpu.o 
 running test:
	 ./__orio_perftest22.exe  
(run 22) | {"compile_time": 0.05962705612182617, "run": 22, "cost": [1.75e-06, 6.14e-07, 3.45e-07, 2.98e-07, 3.01e-07], "coordinate": [5, 0], "perf_params": {"UF": 6, "CFLAGS": "-O0"}, "transform_time": 0.0912020206451416}
Code stats:
        Number of loops: 	2
        Max loop nest depth: 	1
        Additions: 		27
        Multiplications: 	10
        Divisions: 		5
        Logical: 		0
        Reads: 			54
        Writes: 		10
        Comparisons:		2
        Gotos: 			0
        
 building test:
	gcc  -DORIO_REPS=5 -o __orio_perftest23.exe __orio_perftest23.c timer_cpu.o 
 running test:
	 ./__orio_perftest23.exe  
(run 23) | {"compile_time": 0.05420494079589844, "run": 23, "cost": [9.02e-07, 5.54e-07, 2.65e-07, 2.99e-07, 2.87e-07], "coordinate": [1, 3], "perf_params": {"UF": 2, "CFLAGS": "-O3"}, "transform_time": 0.06929588317871094}
Code stats:
        Number of loops: 	2
        Max loop nest depth: 	1
        Additions: 		47
        Multiplications: 	20
        Divisions: 		5
        Logical: 		0
        Reads: 			82
        Writes: 		14
        Comparisons:		2
        Gotos: 			0
        
 building test:
	gcc  -DORIO_REPS=5 -o __orio_perftest24.exe __orio_perftest24.c timer_cpu.o 
 running test:
	 ./__orio_perftest24.exe  
(run 24) | {"compile_time": 0.05711507797241211, "run": 24, "cost": [9.67e-07, 3.77e-07, 2.36e-07, 2.32e-07, 2.32e-07], "coordinate": [3, 1], "perf_params": {"UF": 4, "CFLAGS": "-O1"}, "transform_time": 0.07982802391052246}
Code stats:
        Number of loops: 	1
        Max loop nest depth: 	1
        Additions: 		7
        Multiplications: 	0
        Divisions: 		5
        Logical: 		0
        Reads: 			19
        Writes: 		4
        Comparisons:		1
        Gotos: 			0
        
 building test:
	gcc  -DORIO_REPS=5 -o __orio_perftest25.exe __orio_perftest25.c timer_cpu.o 
 running test:
	 ./__orio_perftest25.exe  
(run 25) | {"compile_time": 0.05739188194274902, "run": 25, "cost": [7.53e-07, 3.91e-07, 2.76e-07, 2.73e-07, 2.78e-07], "coordinate": [0, 3], "perf_params": {"UF": 1, "CFLAGS": "-O3"}, "transform_time": 0.07079696655273438}
Code stats:
        Number of loops: 	2
        Max loop nest depth: 	1
        Additions: 		57
        Multiplications: 	25
        Divisions: 		5
        Logical: 		0
        Reads: 			96
        Writes: 		16
        Comparisons:		2
        Gotos: 			0
        
 building test:
	gcc  -DORIO_REPS=5 -o __orio_perftest26.exe __orio_perftest26.c timer_cpu.o 
 running test:
	 ./__orio_perftest26.exe  
(run 26) | {"compile_time": 0.059722185134887695, "run": 26, "cost": [1.357e-06, 5.19e-07, 3.68e-07, 3.62e-07, 3.55e-07], "coordinate": [4, 3], "perf_params": {"UF": 5, "CFLAGS": "-O3"}, "transform_time": 0.07574081420898438}
Code stats:
        Number of loops: 	2
        Max loop nest depth: 	1
        Additions: 		37
        Multiplications: 	15
        Divisions: 		5
        Logical: 		0
        Reads: 			68
        Writes: 		12
        Comparisons:		2
        Gotos: 			0
        
 building test:
	gcc  -DORIO_REPS=5 -o __orio_perftest27.exe __orio_perftest27.c timer_cpu.o 
 running test:
	 ./__orio_perftest27.exe  
(run 27) | {"compile_time": 0.06562685966491699, "run": 27, "cost": [7.34e-07, 2.81e-07, 2.24e-07, 2.26e-07, 2.23e-07], "coordinate": [2, 1], "perf_params": {"UF": 3, "CFLAGS": "-O1"}, "transform_time": 0.07392311096191406}
>>>> best coordinate found: [2, 1], cost: 3.376000e-07
Code stats:
        Number of loops: 	2
        Max loop nest depth: 	1
        Additions: 		67
        Multiplications: 	30
        Divisions: 		5
        Logical: 		0
        Reads: 			110
        Writes: 		18
        Comparisons:		2
        Gotos: 			0
        
 building test:
	gcc  -DORIO_REPS=5 -o __orio_perftest28.exe __orio_perftest28.c timer_cpu.o 
 running test:
	 ./__orio_perftest28.exe  
(run 28) | {"compile_time": 0.05680108070373535, "run": 28, "cost": [1.418e-06, 4.01e-07, 2.75e-07, 3.89e-07, 3.53e-07], "coordinate": [5, 1], "perf_params": {"UF": 6, "CFLAGS": "-O1"}, "transform_time": 0.07977581024169922}
Code stats:
        Number of loops: 	2
        Max loop nest depth: 	1
        Additions: 		107
        Multiplications: 	50
        Divisions: 		5
        Logical: 		0
        Reads: 			166
        Writes: 		26
        Comparisons:		2
        Gotos: 			0
        
 building test:
	gcc  -DORIO_REPS=5 -o __orio_perftest29.exe __orio_perftest29.c timer_cpu.o 
 running test:
	 ./__orio_perftest29.exe  
(run 29) | {"compile_time": 0.06043601036071777, "run": 29, "cost": [1.383e-06, 3.09e-07, 2.46e-07, 2.45e-07, 2.45e-07], "coordinate": [9, 3], "perf_params": {"UF": 10, "CFLAGS": "-O3"}, "transform_time": 0.08412909507751465}
Code stats:
        Number of loops: 	2
        Max loop nest depth: 	1
        Additions: 		57
        Multiplications: 	25
        Divisions: 		5
        Logical: 		0
        Reads: 			96
        Writes: 		16
        Comparisons:		2
        Gotos: 			0
        
 building test:
	gcc  -DORIO_REPS=5 -o __orio_perftest30.exe __orio_perftest30.c timer_cpu.o 
 running test:
	 ./__orio_perftest30.exe  
(run 30) | {"compile_time": 0.05936098098754883, "run": 30, "cost": [1.036e-06, 3.5e-07, 2.64e-07, 2.84e-07, 2.63e-07], "coordinate": [4, 0], "perf_params": {"UF": 5, "CFLAGS": "-O0"}, "transform_time": 0.09304404258728027}
Code stats:
        Number of loops: 	2
        Max loop nest depth: 	1
        Additions: 		107
        Multiplications: 	50
        Divisions: 		5
        Logical: 		0
        Reads: 			166
        Writes: 		26
        Comparisons:		2
        Gotos: 			0
        
 building test:
	gcc  -DORIO_REPS=5 -o __orio_perftest31.exe __orio_perftest31.c timer_cpu.o 
 running test:
	 ./__orio_perftest31.exe  
(run 31) | {"compile_time": 0.06381702423095703, "run": 31, "cost": [1.665e-06, 5.79e-07, 3.57e-07, 3.81e-07, 3.31e-07], "coordinate": [9, 0], "perf_params": {"UF": 10, "CFLAGS": "-O0"}, "transform_time": 0.08475708961486816}
Code stats:
        Number of loops: 	2
        Max loop nest depth: 	1
        Additions: 		77
        Multiplications: 	35
        Divisions: 		5
        Logical: 		0
        Reads: 			124
        Writes: 		20
        Comparisons:		2
        Gotos: 			0
        
 building test:
	gcc  -DORIO_REPS=5 -o __orio_perftest32.exe __orio_perftest32.c timer_cpu.o 
 running test:
	 ./__orio_perftest32.exe  
(run 32) | {"compile_time": 0.06136202812194824, "run": 32, "cost": [9.57e-07, 2.9e-07, 2.16e-07, 2.16e-07, 2.15e-07], "coordinate": [6, 3], "perf_params": {"UF": 7, "CFLAGS": "-O3"}, "transform_time": 0.07625794410705566}
Code stats:
        Number of loops: 	2
        Max loop nest depth: 	1
        Additions: 		37
        Multiplications: 	15
        Divisions: 		5
        Logical: 		0
        Reads: 			68
        Writes: 		12
        Comparisons:		2
        Gotos: 			0
        
 building test:
	gcc  -DORIO_REPS=5 -o __orio_perftest33.exe __orio_perftest33.c timer_cpu.o 
 running test:
	 ./__orio_perftest33.exe  
(run 33) | {"compile_time": 0.06194305419921875, "run": 33, "cost": [7.02e-07, 2.9e-07, 2.16e-07, 2.15e-07, 2.17e-07], "coordinate": [2, 3], "perf_params": {"UF": 3, "CFLAGS": "-O3"}, "transform_time": 0.08043098449707031}
>>>> best coordinate found: [2, 3], cost: 3.280000e-07
Code stats:
        Number of loops: 	2
        Max loop nest depth: 	1
        Additions: 		47
        Multiplications: 	20
        Divisions: 		5
        Logical: 		0
        Reads: 			82
        Writes: 		14
        Comparisons:		2
        Gotos: 			0
        
 building test:
	gcc  -DORIO_REPS=5 -o __orio_perftest34.exe __orio_perftest34.c timer_cpu.o 
 running test:
	 ./__orio_perftest34.exe  
(run 34) | {"compile_time": 0.05618476867675781, "run": 34, "cost": [9.44e-07, 2.91e-07, 2.13e-07, 2.12e-07, 2.11e-07], "coordinate": [3, 2], "perf_params": {"UF": 4, "CFLAGS": "-O2"}, "transform_time": 0.08034205436706543}
Code stats:
        Number of loops: 	2
        Max loop nest depth: 	1
        Additions: 		97
        Multiplications: 	45
        Divisions: 		5
        Logical: 		0
        Reads: 			152
        Writes: 		24
        Comparisons:		2
        Gotos: 			0
        
 building test:
	gcc  -DORIO_REPS=5 -o __orio_perftest35.exe __orio_perftest35.c timer_cpu.o 
 running test:
	 ./__orio_perftest35.exe  
(run 35) | {"compile_time": 0.059008121490478516, "run": 35, "cost": [8.79e-07, 3.26e-07, 2.24e-07, 2.19e-07, 2.18e-07], "coordinate": [8, 2], "perf_params": {"UF": 9, "CFLAGS": "-O2"}, "transform_time": 0.07856106758117676}
Code stats:
        Number of loops: 	2
        Max loop nest depth: 	1
        Additions: 		107
        Multiplications: 	50
        Divisions: 		5
        Logical: 		0
        Reads: 			166
        Writes: 		26
        Comparisons:		2
        Gotos: 			0
        
 building test:
	gcc  -DORIO_REPS=5 -o __orio_perftest36.exe __orio_perftest36.c timer_cpu.o 
 running test:
	 ./__orio_perftest36.exe  
(run 36) | {"compile_time": 0.06429505348205566, "run": 36, "cost": [1.02e-06, 2.54e-07, 2.08e-07, 2.08e-07, 2.08e-07], "coordinate": [9, 2], "perf_params": {"UF": 10, "CFLAGS": "-O2"}, "transform_time": 0.08195996284484863}
Code stats:
        Number of loops: 	2
        Max loop nest depth: 	1
        Additions: 		27
        Multiplications: 	10
        Divisions: 		5
        Logical: 		0
        Reads: 			54
        Writes: 		10
        Comparisons:		2
        Gotos: 			0
        
 building test:
	gcc  -DORIO_REPS=5 -o __orio_perftest37.exe __orio_perftest37.c timer_cpu.o 
 running test:
	 ./__orio_perftest37.exe  
(run 37) | {"compile_time": 0.062419891357421875, "run": 37, "cost": [8.58e-07, 3.55e-07, 2.2e-07, 2.2e-07, 2.2e-07], "coordinate": [1, 2], "perf_params": {"UF": 2, "CFLAGS": "-O2"}, "transform_time": 0.07261013984680176}
Code stats:
        Number of loops: 	2
        Max loop nest depth: 	1
        Additions: 		37
        Multiplications: 	15
        Divisions: 		5
        Logical: 		0
        Reads: 			68
        Writes: 		12
        Comparisons:		2
        Gotos: 			0
        
 building test:
	gcc  -DORIO_REPS=5 -o __orio_perftest38.exe __orio_perftest38.c timer_cpu.o 
 running test:
	 ./__orio_perftest38.exe  
(run 38) | {"compile_time": 0.05559992790222168, "run": 38, "cost": [7.61e-07, 2.71e-07, 2.18e-07, 2.19e-07, 2.19e-07], "coordinate": [2, 0], "perf_params": {"UF": 3, "CFLAGS": "-O0"}, "transform_time": 0.09223294258117676}
Code stats:
        Number of loops: 	2
        Max loop nest depth: 	1
        Additions: 		27
        Multiplications: 	10
        Divisions: 		5
        Logical: 		0
        Reads: 			54
        Writes: 		10
        Comparisons:		2
        Gotos: 			0
        
 building test:
	gcc  -DORIO_REPS=5 -o __orio_perftest39.exe __orio_perftest39.c timer_cpu.o 
 running test:
	 ./__orio_perftest39.exe  
(run 39) | {"compile_time": 0.05880904197692871, "run": 39, "cost": [2.405e-06, 4e-07, 2.46e-07, 2.47e-07, 2.41e-07], "coordinate": [1, 0], "perf_params": {"UF": 2, "CFLAGS": "-O0"}, "transform_time": 0.07083392143249512}
Code stats:
        Number of loops: 	2
        Max loop nest depth: 	1
        Additions: 		87
        Multiplications: 	40
        Divisions: 		5
        Logical: 		0
        Reads: 			138
        Writes: 		22
        Comparisons:		2
        Gotos: 			0
        
 building test:
	gcc  -DORIO_REPS=5 -o __orio_perftest40.exe __orio_perftest40.c timer_cpu.o 
 running test:
	 ./__orio_perftest40.exe  
(run 40) | {"compile_time": 0.06649208068847656, "run": 40, "cost": [1.147e-06, 3.08e-07, 2.12e-07, 2.16e-07, 2.11e-07], "coordinate": [7, 3], "perf_params": {"UF": 8, "CFLAGS": "-O3"}, "transform_time": 0.0809478759765625}
----- end random search -----
----- begin random search summary -----
 total completed runs: 40
 total successful runs: 40
 total failed runs: 0
 speedup: 1.4743902439
 fount at: 33
----- end random search summary -----
----- begin summary -----
 best coordinate: [2, 3]={'UF': 3, 'CFLAGS': '-O3'}, cost=3.280000e-07, transfer_time=inf, inputs=[('N', 10000)], search_time=5.91, runs=40
----- end summary -----
----- the obtained best performance parameters -----
 CFLAGS = -O3
 UF = 3
Code stats:
        Number of loops: 	2
        Max loop nest depth: 	1
        Additions: 		37
        Multiplications: 	15
        Divisions: 		5
        Logical: 		0
        Reads: 			68
        Writes: 		12
        Comparisons:		2
        Gotos: 			0
        
----- finish optimizations -----

----- begin writing the output file(s) -----
--> writing output to: _dividerAnnotated.c
----- finished writing the output file(s) -----

====== END ORIO ======
