
====== START ORIO ======

----- begin reading the source file: multiplication.c -----
----- finished reading the source file -----

----- begin parsing annotations -----
----- finished parsing annotations -----

----- begin optimizations -----
Search_Space         = 4.000e+01
Number_of_Parameters = 02
Numeric_Parameters   = 02
Binary_Parameters    = 00
['UF', 'CFLAGS']
[[1, 2, 3, 4, 5, 6, 7, 8, 9, 10], ['-O0', '-O1', '-O2', '-O3']]

----- begin empirical tuning for problem size -----
 N = 10

----- begin exhaustive search -----
Code stats:
        Number of loops: 	3
        Max loop nest depth: 	3
        Additions: 		7
        Multiplications: 	1
        Divisions: 		0
        Logical: 		0
        Reads: 			27
        Writes: 		7
        Comparisons:		3
        Gotos: 			0
        
 building the original code:
	gcc  -DORIO_REPS=5 -DORIGINAL -o __orio_perftest_original.exe __orio_perftest1.c timer_cpu.o 
 building test:
	gcc  -DORIO_REPS=5 -o __orio_perftest1.exe __orio_perftest1.c timer_cpu.o 
 running test:
	 ./__orio_perftest1.exe  
coordinate: [0, 0], average cost: 1.895e-07, all costs: [5.9e-07, 2.55e-07, 1.66e-07, 1.67e-07, 1.7e-07], average transfer time: inf
>>>> best coordinate found: [0, 0], average cost: 1.895000e-07, average transfer time: inf
Code stats:
        Number of loops: 	8
        Max loop nest depth: 	3
        Additions: 		25
        Multiplications: 	3
        Divisions: 		0
        Logical: 		0
        Reads: 			78
        Writes: 		19
        Comparisons:		8
        Gotos: 			0
        
 building test:
	gcc  -DORIO_REPS=5 -o __orio_perftest2.exe __orio_perftest2.c timer_cpu.o 
 running test:
	 ./__orio_perftest2.exe  
coordinate: [1, 0], average cost: 1.7125e-07, all costs: [7.58e-07, 1.81e-07, 1.74e-07, 1.65e-07, 1.65e-07], average transfer time: inf
>>>> best coordinate found: [1, 0], average cost: 1.712500e-07, average transfer time: inf
Code stats:
        Number of loops: 	10
        Max loop nest depth: 	3
        Additions: 		33
        Multiplications: 	4
        Divisions: 		0
        Logical: 		0
        Reads: 			100
        Writes: 		24
        Comparisons:		10
        Gotos: 			0
        
 building test:
	gcc  -DORIO_REPS=5 -o __orio_perftest3.exe __orio_perftest3.c timer_cpu.o 
 running test:
	 ./__orio_perftest3.exe  
coordinate: [2, 0], average cost: 1.9e-07, all costs: [7.19e-07, 2.66e-07, 1.63e-07, 1.64e-07, 1.67e-07], average transfer time: inf
Code stats:
        Number of loops: 	12
        Max loop nest depth: 	3
        Additions: 		41
        Multiplications: 	5
        Divisions: 		0
        Logical: 		0
        Reads: 			122
        Writes: 		29
        Comparisons:		12
        Gotos: 			0
        
 building test:
	gcc  -DORIO_REPS=5 -o __orio_perftest4.exe __orio_perftest4.c timer_cpu.o 
 running test:
	 ./__orio_perftest4.exe  
coordinate: [3, 0], average cost: 2.0075e-07, all costs: [8.48e-07, 2.19e-07, 1.69e-07, 2.44e-07, 1.71e-07], average transfer time: inf
Code stats:
        Number of loops: 	14
        Max loop nest depth: 	3
        Additions: 		49
        Multiplications: 	6
        Divisions: 		0
        Logical: 		0
        Reads: 			144
        Writes: 		34
        Comparisons:		14
        Gotos: 			0
        
 building test:
	gcc  -DORIO_REPS=5 -o __orio_perftest5.exe __orio_perftest5.c timer_cpu.o 
 running test:
	 ./__orio_perftest5.exe  
coordinate: [4, 0], average cost: 2.5325e-07, all costs: [1.072e-06, 3.22e-07, 2.29e-07, 2.33e-07, 2.29e-07], average transfer time: inf
Code stats:
        Number of loops: 	16
        Max loop nest depth: 	3
        Additions: 		57
        Multiplications: 	7
        Divisions: 		0
        Logical: 		0
        Reads: 			166
        Writes: 		39
        Comparisons:		16
        Gotos: 			0
        
 building test:
	gcc  -DORIO_REPS=5 -o __orio_perftest6.exe __orio_perftest6.c timer_cpu.o 
 running test:
	 ./__orio_perftest6.exe  
coordinate: [5, 0], average cost: 2.2925e-07, all costs: [9.87e-07, 2.84e-07, 2.07e-07, 2.02e-07, 2.24e-07], average transfer time: inf
Code stats:
        Number of loops: 	18
        Max loop nest depth: 	3
        Additions: 		65
        Multiplications: 	8
        Divisions: 		0
        Logical: 		0
        Reads: 			188
        Writes: 		44
        Comparisons:		18
        Gotos: 			0
        
 building test:
	gcc  -DORIO_REPS=5 -o __orio_perftest7.exe __orio_perftest7.c timer_cpu.o 
 running test:
	 ./__orio_perftest7.exe  
coordinate: [6, 0], average cost: 1.9225e-07, all costs: [8.3e-07, 2.47e-07, 1.74e-07, 1.74e-07, 1.74e-07], average transfer time: inf
Code stats:
        Number of loops: 	20
        Max loop nest depth: 	3
        Additions: 		73
        Multiplications: 	9
        Divisions: 		0
        Logical: 		0
        Reads: 			210
        Writes: 		49
        Comparisons:		20
        Gotos: 			0
        
 building test:
	gcc  -DORIO_REPS=5 -o __orio_perftest8.exe __orio_perftest8.c timer_cpu.o 
 running test:
	 ./__orio_perftest8.exe  
coordinate: [7, 0], average cost: 2.1875e-07, all costs: [5.54e-07, 2.57e-07, 2.06e-07, 2.07e-07, 2.05e-07], average transfer time: inf
Code stats:
        Number of loops: 	22
        Max loop nest depth: 	3
        Additions: 		81
        Multiplications: 	10
        Divisions: 		0
        Logical: 		0
        Reads: 			232
        Writes: 		54
        Comparisons:		22
        Gotos: 			0
        
 building test:
	gcc  -DORIO_REPS=5 -o __orio_perftest9.exe __orio_perftest9.c timer_cpu.o 
 running test:
	 ./__orio_perftest9.exe  
coordinate: [8, 0], average cost: 1.8825e-07, all costs: [6.73e-07, 2.51e-07, 1.71e-07, 1.68e-07, 1.63e-07], average transfer time: inf
Code stats:
        Number of loops: 	24
        Max loop nest depth: 	3
        Additions: 		89
        Multiplications: 	11
        Divisions: 		0
        Logical: 		0
        Reads: 			254
        Writes: 		59
        Comparisons:		24
        Gotos: 			0
        
 building test:
	gcc  -DORIO_REPS=5 -o __orio_perftest10.exe __orio_perftest10.c timer_cpu.o 
 running test:
	 ./__orio_perftest10.exe  
coordinate: [9, 0], average cost: 1.875e-07, all costs: [6.68e-07, 2.43e-07, 1.68e-07, 1.67e-07, 1.72e-07], average transfer time: inf
Code stats:
        Number of loops: 	3
        Max loop nest depth: 	3
        Additions: 		7
        Multiplications: 	1
        Divisions: 		0
        Logical: 		0
        Reads: 			27
        Writes: 		7
        Comparisons:		3
        Gotos: 			0
        
 building test:
	gcc  -DORIO_REPS=5 -o __orio_perftest11.exe __orio_perftest11.c timer_cpu.o 
 running test:
	 ./__orio_perftest11.exe  
coordinate: [0, 1], average cost: 1.955e-07, all costs: [6.31e-07, 2.54e-07, 1.73e-07, 1.76e-07, 1.79e-07], average transfer time: inf
Code stats:
        Number of loops: 	8
        Max loop nest depth: 	3
        Additions: 		25
        Multiplications: 	3
        Divisions: 		0
        Logical: 		0
        Reads: 			78
        Writes: 		19
        Comparisons:		8
        Gotos: 			0
        
 building test:
	gcc  -DORIO_REPS=5 -o __orio_perftest12.exe __orio_perftest12.c timer_cpu.o 
 running test:
	 ./__orio_perftest12.exe  
coordinate: [1, 1], average cost: 1.76e-07, all costs: [7.77e-07, 2.06e-07, 1.66e-07, 1.66e-07, 1.66e-07], average transfer time: inf
Code stats:
        Number of loops: 	10
        Max loop nest depth: 	3
        Additions: 		33
        Multiplications: 	4
        Divisions: 		0
        Logical: 		0
        Reads: 			100
        Writes: 		24
        Comparisons:		10
        Gotos: 			0
        
 building test:
	gcc  -DORIO_REPS=5 -o __orio_perftest13.exe __orio_perftest13.c timer_cpu.o 
 running test:
	 ./__orio_perftest13.exe  
coordinate: [2, 1], average cost: 2.0075e-07, all costs: [7.67e-07, 2.81e-07, 1.89e-07, 1.66e-07, 1.67e-07], average transfer time: inf
Code stats:
        Number of loops: 	12
        Max loop nest depth: 	3
        Additions: 		41
        Multiplications: 	5
        Divisions: 		0
        Logical: 		0
        Reads: 			122
        Writes: 		29
        Comparisons:		12
        Gotos: 			0
        
 building test:
	gcc  -DORIO_REPS=5 -o __orio_perftest14.exe __orio_perftest14.c timer_cpu.o 
 running test:
	 ./__orio_perftest14.exe  
coordinate: [3, 1], average cost: 1.7125e-07, all costs: [8.15e-07, 1.95e-07, 1.65e-07, 1.61e-07, 1.64e-07], average transfer time: inf
Code stats:
        Number of loops: 	14
        Max loop nest depth: 	3
        Additions: 		49
        Multiplications: 	6
        Divisions: 		0
        Logical: 		0
        Reads: 			144
        Writes: 		34
        Comparisons:		14
        Gotos: 			0
        
 building test:
	gcc  -DORIO_REPS=5 -o __orio_perftest15.exe __orio_perftest15.c timer_cpu.o 
 running test:
	 ./__orio_perftest15.exe  
coordinate: [4, 1], average cost: 1.835e-07, all costs: [9.01e-07, 2.39e-07, 1.66e-07, 1.65e-07, 1.64e-07], average transfer time: inf
Code stats:
        Number of loops: 	16
        Max loop nest depth: 	3
        Additions: 		57
        Multiplications: 	7
        Divisions: 		0
        Logical: 		0
        Reads: 			166
        Writes: 		39
        Comparisons:		16
        Gotos: 			0
        
 building test:
	gcc  -DORIO_REPS=5 -o __orio_perftest16.exe __orio_perftest16.c timer_cpu.o 
 running test:
	 ./__orio_perftest16.exe  
coordinate: [5, 1], average cost: 1.7925e-07, all costs: [6.85e-07, 2.21e-07, 1.7e-07, 1.63e-07, 1.63e-07], average transfer time: inf
Code stats:
        Number of loops: 	18
        Max loop nest depth: 	3
        Additions: 		65
        Multiplications: 	8
        Divisions: 		0
        Logical: 		0
        Reads: 			188
        Writes: 		44
        Comparisons:		18
        Gotos: 			0
        
 building test:
	gcc  -DORIO_REPS=5 -o __orio_perftest17.exe __orio_perftest17.c timer_cpu.o 
 running test:
	 ./__orio_perftest17.exe  
coordinate: [6, 1], average cost: 1.71e-07, all costs: [6.32e-07, 1.83e-07, 1.69e-07, 1.65e-07, 1.67e-07], average transfer time: inf
>>>> best coordinate found: [6, 1], average cost: 1.710000e-07, average transfer time: inf
Code stats:
        Number of loops: 	20
        Max loop nest depth: 	3
        Additions: 		73
        Multiplications: 	9
        Divisions: 		0
        Logical: 		0
        Reads: 			210
        Writes: 		49
        Comparisons:		20
        Gotos: 			0
        
 building test:
	gcc  -DORIO_REPS=5 -o __orio_perftest18.exe __orio_perftest18.c timer_cpu.o 
 running test:
	 ./__orio_perftest18.exe  
coordinate: [7, 1], average cost: 2.54e-07, all costs: [1.032e-06, 2.98e-07, 2.01e-07, 2.61e-07, 2.56e-07], average transfer time: inf
Code stats:
        Number of loops: 	22
        Max loop nest depth: 	3
        Additions: 		81
        Multiplications: 	10
        Divisions: 		0
        Logical: 		0
        Reads: 			232
        Writes: 		54
        Comparisons:		22
        Gotos: 			0
        
 building test:
	gcc  -DORIO_REPS=5 -o __orio_perftest19.exe __orio_perftest19.c timer_cpu.o 
 running test:
	 ./__orio_perftest19.exe  
coordinate: [8, 1], average cost: 1.8075e-07, all costs: [7.25e-07, 2.28e-07, 1.63e-07, 1.68e-07, 1.64e-07], average transfer time: inf
Code stats:
        Number of loops: 	24
        Max loop nest depth: 	3
        Additions: 		89
        Multiplications: 	11
        Divisions: 		0
        Logical: 		0
        Reads: 			254
        Writes: 		59
        Comparisons:		24
        Gotos: 			0
        
 building test:
	gcc  -DORIO_REPS=5 -o __orio_perftest20.exe __orio_perftest20.c timer_cpu.o 
 running test:
	 ./__orio_perftest20.exe  
coordinate: [9, 1], average cost: 1.84e-07, all costs: [5.58e-07, 2.25e-07, 1.76e-07, 1.68e-07, 1.67e-07], average transfer time: inf
Code stats:
        Number of loops: 	3
        Max loop nest depth: 	3
        Additions: 		7
        Multiplications: 	1
        Divisions: 		0
        Logical: 		0
        Reads: 			27
        Writes: 		7
        Comparisons:		3
        Gotos: 			0
        
 building test:
	gcc  -DORIO_REPS=5 -o __orio_perftest21.exe __orio_perftest21.c timer_cpu.o 
 running test:
	 ./__orio_perftest21.exe  
coordinate: [0, 2], average cost: 1.95e-07, all costs: [5.94e-07, 2.67e-07, 1.7e-07, 1.72e-07, 1.71e-07], average transfer time: inf
Code stats:
        Number of loops: 	8
        Max loop nest depth: 	3
        Additions: 		25
        Multiplications: 	3
        Divisions: 		0
        Logical: 		0
        Reads: 			78
        Writes: 		19
        Comparisons:		8
        Gotos: 			0
        
 building test:
	gcc  -DORIO_REPS=5 -o __orio_perftest22.exe __orio_perftest22.c timer_cpu.o 
 running test:
	 ./__orio_perftest22.exe  
coordinate: [1, 2], average cost: 1.9075e-07, all costs: [7.86e-07, 2.58e-07, 1.69e-07, 1.67e-07, 1.69e-07], average transfer time: inf
Code stats:
        Number of loops: 	10
        Max loop nest depth: 	3
        Additions: 		33
        Multiplications: 	4
        Divisions: 		0
        Logical: 		0
        Reads: 			100
        Writes: 		24
        Comparisons:		10
        Gotos: 			0
        
 building test:
	gcc  -DORIO_REPS=5 -o __orio_perftest23.exe __orio_perftest23.c timer_cpu.o 
 running test:
	 ./__orio_perftest23.exe  
coordinate: [2, 2], average cost: 2.0075e-07, all costs: [9.79e-07, 3.13e-07, 1.63e-07, 1.62e-07, 1.65e-07], average transfer time: inf
Code stats:
        Number of loops: 	12
        Max loop nest depth: 	3
        Additions: 		41
        Multiplications: 	5
        Divisions: 		0
        Logical: 		0
        Reads: 			122
        Writes: 		29
        Comparisons:		12
        Gotos: 			0
        
 building test:
	gcc  -DORIO_REPS=5 -o __orio_perftest24.exe __orio_perftest24.c timer_cpu.o 
 running test:
	 ./__orio_perftest24.exe  
coordinate: [3, 2], average cost: 3.03e-07, all costs: [1.084e-06, 3.86e-07, 2.91e-07, 2.46e-07, 2.89e-07], average transfer time: inf
Code stats:
        Number of loops: 	14
        Max loop nest depth: 	3
        Additions: 		49
        Multiplications: 	6
        Divisions: 		0
        Logical: 		0
        Reads: 			144
        Writes: 		34
        Comparisons:		14
        Gotos: 			0
        
 building test:
	gcc  -DORIO_REPS=5 -o __orio_perftest25.exe __orio_perftest25.c timer_cpu.o 
 running test:
	 ./__orio_perftest25.exe  
coordinate: [4, 2], average cost: 1.7525e-07, all costs: [1.295e-06, 2.01e-07, 1.66e-07, 1.66e-07, 1.68e-07], average transfer time: inf
Code stats:
        Number of loops: 	16
        Max loop nest depth: 	3
        Additions: 		57
        Multiplications: 	7
        Divisions: 		0
        Logical: 		0
        Reads: 			166
        Writes: 		39
        Comparisons:		16
        Gotos: 			0
        
 building test:
	gcc  -DORIO_REPS=5 -o __orio_perftest26.exe __orio_perftest26.c timer_cpu.o 
 running test:
	 ./__orio_perftest26.exe  
coordinate: [5, 2], average cost: 1.8025e-07, all costs: [7.88e-07, 2.16e-07, 1.68e-07, 1.7e-07, 1.67e-07], average transfer time: inf
Code stats:
        Number of loops: 	18
        Max loop nest depth: 	3
        Additions: 		65
        Multiplications: 	8
        Divisions: 		0
        Logical: 		0
        Reads: 			188
        Writes: 		44
        Comparisons:		18
        Gotos: 			0
        
 building test:
	gcc  -DORIO_REPS=5 -o __orio_perftest27.exe __orio_perftest27.c timer_cpu.o 
 running test:
	 ./__orio_perftest27.exe  
coordinate: [6, 2], average cost: 1.875e-07, all costs: [7.84e-07, 2.6e-07, 1.64e-07, 1.62e-07, 1.64e-07], average transfer time: inf
Code stats:
        Number of loops: 	20
        Max loop nest depth: 	3
        Additions: 		73
        Multiplications: 	9
        Divisions: 		0
        Logical: 		0
        Reads: 			210
        Writes: 		49
        Comparisons:		20
        Gotos: 			0
        
 building test:
	gcc  -DORIO_REPS=5 -o __orio_perftest28.exe __orio_perftest28.c timer_cpu.o 
 running test:
	 ./__orio_perftest28.exe  
coordinate: [7, 2], average cost: 1.9175e-07, all costs: [6.56e-07, 2.61e-07, 1.68e-07, 1.7e-07, 1.68e-07], average transfer time: inf
Code stats:
        Number of loops: 	22
        Max loop nest depth: 	3
        Additions: 		81
        Multiplications: 	10
        Divisions: 		0
        Logical: 		0
        Reads: 			232
        Writes: 		54
        Comparisons:		22
        Gotos: 			0
        
 building test:
	gcc  -DORIO_REPS=5 -o __orio_perftest29.exe __orio_perftest29.c timer_cpu.o 
 running test:
	 ./__orio_perftest29.exe  
coordinate: [8, 2], average cost: 1.7425e-07, all costs: [8.12e-07, 2.01e-07, 1.66e-07, 1.66e-07, 1.64e-07], average transfer time: inf
Code stats:
        Number of loops: 	24
        Max loop nest depth: 	3
        Additions: 		89
        Multiplications: 	11
        Divisions: 		0
        Logical: 		0
        Reads: 			254
        Writes: 		59
        Comparisons:		24
        Gotos: 			0
        
 building test:
	gcc  -DORIO_REPS=5 -o __orio_perftest30.exe __orio_perftest30.c timer_cpu.o 
 running test:
	 ./__orio_perftest30.exe  
coordinate: [9, 2], average cost: 1.94e-07, all costs: [7.7e-07, 2.72e-07, 1.68e-07, 1.69e-07, 1.67e-07], average transfer time: inf
Code stats:
        Number of loops: 	3
        Max loop nest depth: 	3
        Additions: 		7
        Multiplications: 	1
        Divisions: 		0
        Logical: 		0
        Reads: 			27
        Writes: 		7
        Comparisons:		3
        Gotos: 			0
        
 building test:
	gcc  -DORIO_REPS=5 -o __orio_perftest31.exe __orio_perftest31.c timer_cpu.o 
 running test:
	 ./__orio_perftest31.exe  
coordinate: [0, 3], average cost: 1.8725e-07, all costs: [6.66e-07, 2.5e-07, 1.66e-07, 1.68e-07, 1.65e-07], average transfer time: inf
Code stats:
        Number of loops: 	8
        Max loop nest depth: 	3
        Additions: 		25
        Multiplications: 	3
        Divisions: 		0
        Logical: 		0
        Reads: 			78
        Writes: 		19
        Comparisons:		8
        Gotos: 			0
        
 building test:
	gcc  -DORIO_REPS=5 -o __orio_perftest32.exe __orio_perftest32.c timer_cpu.o 
 running test:
	 ./__orio_perftest32.exe  
coordinate: [1, 3], average cost: 1.895e-07, all costs: [8.17e-07, 2.44e-07, 1.8e-07, 1.68e-07, 1.66e-07], average transfer time: inf
Code stats:
        Number of loops: 	10
        Max loop nest depth: 	3
        Additions: 		33
        Multiplications: 	4
        Divisions: 		0
        Logical: 		0
        Reads: 			100
        Writes: 		24
        Comparisons:		10
        Gotos: 			0
        
 building test:
	gcc  -DORIO_REPS=5 -o __orio_perftest33.exe __orio_perftest33.c timer_cpu.o 
 running test:
	 ./__orio_perftest33.exe  
coordinate: [2, 3], average cost: 1.8875e-07, all costs: [8.1e-07, 2.54e-07, 1.74e-07, 1.64e-07, 1.63e-07], average transfer time: inf
Code stats:
        Number of loops: 	12
        Max loop nest depth: 	3
        Additions: 		41
        Multiplications: 	5
        Divisions: 		0
        Logical: 		0
        Reads: 			122
        Writes: 		29
        Comparisons:		12
        Gotos: 			0
        
 building test:
	gcc  -DORIO_REPS=5 -o __orio_perftest34.exe __orio_perftest34.c timer_cpu.o 
 running test:
	 ./__orio_perftest34.exe  
coordinate: [3, 3], average cost: 1.7975e-07, all costs: [8.53e-07, 2.12e-07, 1.77e-07, 1.67e-07, 1.63e-07], average transfer time: inf
Code stats:
        Number of loops: 	14
        Max loop nest depth: 	3
        Additions: 		49
        Multiplications: 	6
        Divisions: 		0
        Logical: 		0
        Reads: 			144
        Writes: 		34
        Comparisons:		14
        Gotos: 			0
        
 building test:
	gcc  -DORIO_REPS=5 -o __orio_perftest35.exe __orio_perftest35.c timer_cpu.o 
 running test:
	 ./__orio_perftest35.exe  
coordinate: [4, 3], average cost: 1.95e-07, all costs: [7.85e-07, 2.68e-07, 1.73e-07, 1.7e-07, 1.69e-07], average transfer time: inf
Code stats:
        Number of loops: 	16
        Max loop nest depth: 	3
        Additions: 		57
        Multiplications: 	7
        Divisions: 		0
        Logical: 		0
        Reads: 			166
        Writes: 		39
        Comparisons:		16
        Gotos: 			0
        
 building test:
	gcc  -DORIO_REPS=5 -o __orio_perftest36.exe __orio_perftest36.c timer_cpu.o 
 running test:
	 ./__orio_perftest36.exe  
coordinate: [5, 3], average cost: 2.0525e-07, all costs: [1.138e-06, 2.76e-07, 1.82e-07, 1.81e-07, 1.82e-07], average transfer time: inf
Code stats:
        Number of loops: 	18
        Max loop nest depth: 	3
        Additions: 		65
        Multiplications: 	8
        Divisions: 		0
        Logical: 		0
        Reads: 			188
        Writes: 		44
        Comparisons:		18
        Gotos: 			0
        
 building test:
	gcc  -DORIO_REPS=5 -o __orio_perftest37.exe __orio_perftest37.c timer_cpu.o 
 running test:
	 ./__orio_perftest37.exe  
coordinate: [6, 3], average cost: 2.78e-07, all costs: [9.51e-07, 3.76e-07, 2.23e-07, 2.64e-07, 2.49e-07], average transfer time: inf
Code stats:
        Number of loops: 	20
        Max loop nest depth: 	3
        Additions: 		73
        Multiplications: 	9
        Divisions: 		0
        Logical: 		0
        Reads: 			210
        Writes: 		49
        Comparisons:		20
        Gotos: 			0
        
 building test:
	gcc  -DORIO_REPS=5 -o __orio_perftest38.exe __orio_perftest38.c timer_cpu.o 
 running test:
	 ./__orio_perftest38.exe  
coordinate: [7, 3], average cost: 1.925e-07, all costs: [6.74e-07, 2.65e-07, 1.69e-07, 1.68e-07, 1.68e-07], average transfer time: inf
Code stats:
        Number of loops: 	22
        Max loop nest depth: 	3
        Additions: 		81
        Multiplications: 	10
        Divisions: 		0
        Logical: 		0
        Reads: 			232
        Writes: 		54
        Comparisons:		22
        Gotos: 			0
        
 building test:
	gcc  -DORIO_REPS=5 -o __orio_perftest39.exe __orio_perftest39.c timer_cpu.o 
 running test:
	 ./__orio_perftest39.exe  
coordinate: [8, 3], average cost: 1.8075e-07, all costs: [7.04e-07, 2.18e-07, 1.71e-07, 1.67e-07, 1.67e-07], average transfer time: inf
Code stats:
        Number of loops: 	24
        Max loop nest depth: 	3
        Additions: 		89
        Multiplications: 	11
        Divisions: 		0
        Logical: 		0
        Reads: 			254
        Writes: 		59
        Comparisons:		24
        Gotos: 			0
        
 building test:
	gcc  -DORIO_REPS=5 -o __orio_perftest40.exe __orio_perftest40.c timer_cpu.o 
 running test:
	 ./__orio_perftest40.exe  
coordinate: [9, 3], average cost: 1.8375e-07, all costs: [7.01e-07, 2.29e-07, 1.68e-07, 1.69e-07, 1.69e-07], average transfer time: inf
----- end exhaustive search -----
----- begin summary -----
 best coordinate: [6, 1]={'UF': 7, 'CFLAGS': '-O1'}, cost=1.710000e-07, transfer_time=inf, inputs=[('N', 10)], search_time=5.93, runs=0
----- end summary -----
----- the obtained best performance parameters -----
 CFLAGS = -O1
 UF = 7
Code stats:
        Number of loops: 	18
        Max loop nest depth: 	3
        Additions: 		65
        Multiplications: 	8
        Divisions: 		0
        Logical: 		0
        Reads: 			188
        Writes: 		44
        Comparisons:		18
        Gotos: 			0
        
----- finish optimizations -----

----- begin writing the output file(s) -----
--> writing output to: _multiplication.c
----- finished writing the output file(s) -----

====== END ORIO ======
